{"C:\\xampp\\htdocs\\PeruGym\\middleware\\auth.js": {"path":"C:\\xampp\\htdocs\\PeruGym\\middleware\\auth.js","statementMap":{"0":{"start":{"line":1,"column":12},"end":{"line":1,"column":35}},"1":{"start":{"line":2,"column":16},"end":{"line":2,"column":44}},"2":{"start":{"line":9,"column":24},"end":{"line":11,"column":1}},"3":{"start":{"line":10,"column":2},"end":{"line":10,"column":26}},"4":{"start":{"line":18,"column":28},"end":{"line":21,"column":1}},"5":{"start":{"line":19,"column":22},"end":{"line":19,"column":46}},"6":{"start":{"line":20,"column":2},"end":{"line":20,"column":53}},"7":{"start":{"line":28,"column":29},"end":{"line":52,"column":1}},"8":{"start":{"line":28,"column":53},"end":{"line":52,"column":1}},"9":{"start":{"line":29,"column":2},"end":{"line":51,"column":3}},"10":{"start":{"line":30,"column":25},"end":{"line":30,"column":48}},"11":{"start":{"line":33,"column":4},"end":{"line":37,"column":5}},"12":{"start":{"line":34,"column":6},"end":{"line":36,"column":9}},"13":{"start":{"line":40,"column":19},"end":{"line":40,"column":80}},"14":{"start":{"line":41,"column":4},"end":{"line":45,"column":5}},"15":{"start":{"line":42,"column":6},"end":{"line":44,"column":9}},"16":{"start":{"line":47,"column":4},"end":{"line":47,"column":11}},"17":{"start":{"line":50,"column":4},"end":{"line":50,"column":11}},"18":{"start":{"line":58,"column":20},"end":{"line":90,"column":1}},"19":{"start":{"line":59,"column":21},"end":{"line":59,"column":49}},"20":{"start":{"line":60,"column":16},"end":{"line":60,"column":54}},"21":{"start":{"line":62,"column":2},"end":{"line":62,"column":72}},"22":{"start":{"line":62,"column":14},"end":{"line":62,"column":72}},"23":{"start":{"line":64,"column":2},"end":{"line":89,"column":3}},"24":{"start":{"line":65,"column":20},"end":{"line":65,"column":78}},"25":{"start":{"line":68,"column":4},"end":{"line":71,"column":5}},"26":{"start":{"line":69,"column":6},"end":{"line":69,"column":25}},"27":{"start":{"line":70,"column":6},"end":{"line":70,"column":20}},"28":{"start":{"line":74,"column":4},"end":{"line":85,"column":5}},"29":{"start":{"line":75,"column":19},"end":{"line":75,"column":81}},"30":{"start":{"line":76,"column":6},"end":{"line":78,"column":7}},"31":{"start":{"line":77,"column":8},"end":{"line":77,"column":79}},"32":{"start":{"line":80,"column":6},"end":{"line":80,"column":25}},"33":{"start":{"line":81,"column":6},"end":{"line":81,"column":13}},"34":{"start":{"line":84,"column":6},"end":{"line":84,"column":77}},"35":{"start":{"line":88,"column":4},"end":{"line":88,"column":72}},"36":{"start":{"line":92,"column":20},"end":{"line":97,"column":1}},"37":{"start":{"line":92,"column":34},"end":{"line":97,"column":1}},"38":{"start":{"line":93,"column":2},"end":{"line":95,"column":3}},"39":{"start":{"line":94,"column":4},"end":{"line":94,"column":62}},"40":{"start":{"line":96,"column":2},"end":{"line":96,"column":9}},"41":{"start":{"line":104,"column":16},"end":{"line":112,"column":1}},"42":{"start":{"line":105,"column":2},"end":{"line":110,"column":5}},"43":{"start":{"line":111,"column":2},"end":{"line":111,"column":9}},"44":{"start":{"line":114,"column":0},"end":{"line":121,"column":2}}},"fnMap":{"0":{"name":"(anonymous_0)","decl":{"start":{"line":9,"column":24},"end":{"line":9,"column":25}},"loc":{"start":{"line":9,"column":36},"end":{"line":11,"column":1}},"line":9},"1":{"name":"(anonymous_1)","decl":{"start":{"line":18,"column":28},"end":{"line":18,"column":29}},"loc":{"start":{"line":18,"column":42},"end":{"line":21,"column":1}},"line":18},"2":{"name":"(anonymous_2)","decl":{"start":{"line":28,"column":29},"end":{"line":28,"column":30}},"loc":{"start":{"line":28,"column":53},"end":{"line":52,"column":1}},"line":28},"3":{"name":"(anonymous_3)","decl":{"start":{"line":28,"column":53},"end":{"line":28,"column":54}},"loc":{"start":{"line":28,"column":79},"end":{"line":52,"column":1}},"line":28},"4":{"name":"(anonymous_4)","decl":{"start":{"line":58,"column":20},"end":{"line":58,"column":21}},"loc":{"start":{"line":58,"column":46},"end":{"line":90,"column":1}},"line":58},"5":{"name":"(anonymous_5)","decl":{"start":{"line":92,"column":20},"end":{"line":92,"column":21}},"loc":{"start":{"line":92,"column":34},"end":{"line":97,"column":1}},"line":92},"6":{"name":"(anonymous_6)","decl":{"start":{"line":92,"column":34},"end":{"line":92,"column":35}},"loc":{"start":{"line":92,"column":54},"end":{"line":97,"column":1}},"line":92},"7":{"name":"(anonymous_7)","decl":{"start":{"line":104,"column":16},"end":{"line":104,"column":17}},"loc":{"start":{"line":104,"column":37},"end":{"line":112,"column":1}},"line":104}},"branchMap":{"0":{"loc":{"start":{"line":20,"column":12},"end":{"line":20,"column":51}},"type":"binary-expr","locations":[{"start":{"line":20,"column":12},"end":{"line":20,"column":23}},{"start":{"line":20,"column":27},"end":{"line":20,"column":51}}],"line":20},"1":{"loc":{"start":{"line":28,"column":30},"end":{"line":28,"column":48}},"type":"default-arg","locations":[{"start":{"line":28,"column":44},"end":{"line":28,"column":48}}],"line":28},"2":{"loc":{"start":{"line":33,"column":4},"end":{"line":37,"column":5}},"type":"if","locations":[{"start":{"line":33,"column":4},"end":{"line":37,"column":5}},{"start":{},"end":{}}],"line":33},"3":{"loc":{"start":{"line":41,"column":4},"end":{"line":45,"column":5}},"type":"if","locations":[{"start":{"line":41,"column":4},"end":{"line":45,"column":5}},{"start":{},"end":{}}],"line":41},"4":{"loc":{"start":{"line":41,"column":8},"end":{"line":41,"column":53}},"type":"binary-expr","locations":[{"start":{"line":41,"column":8},"end":{"line":41,"column":14}},{"start":{"line":41,"column":18},"end":{"line":41,"column":53}}],"line":41},"5":{"loc":{"start":{"line":60,"column":16},"end":{"line":60,"column":54}},"type":"binary-expr","locations":[{"start":{"line":60,"column":16},"end":{"line":60,"column":26}},{"start":{"line":60,"column":30},"end":{"line":60,"column":54}}],"line":60},"6":{"loc":{"start":{"line":62,"column":2},"end":{"line":62,"column":72}},"type":"if","locations":[{"start":{"line":62,"column":2},"end":{"line":62,"column":72}},{"start":{},"end":{}}],"line":62},"7":{"loc":{"start":{"line":65,"column":38},"end":{"line":65,"column":77}},"type":"binary-expr","locations":[{"start":{"line":65,"column":38},"end":{"line":65,"column":60}},{"start":{"line":65,"column":64},"end":{"line":65,"column":77}}],"line":65},"8":{"loc":{"start":{"line":68,"column":4},"end":{"line":71,"column":5}},"type":"if","locations":[{"start":{"line":68,"column":4},"end":{"line":71,"column":5}},{"start":{},"end":{}}],"line":68},"9":{"loc":{"start":{"line":76,"column":6},"end":{"line":78,"column":7}},"type":"if","locations":[{"start":{"line":76,"column":6},"end":{"line":78,"column":7}},{"start":{},"end":{}}],"line":76},"10":{"loc":{"start":{"line":76,"column":10},"end":{"line":76,"column":31}},"type":"binary-expr","locations":[{"start":{"line":76,"column":10},"end":{"line":76,"column":15}},{"start":{"line":76,"column":19},"end":{"line":76,"column":31}}],"line":76},"11":{"loc":{"start":{"line":93,"column":2},"end":{"line":95,"column":3}},"type":"if","locations":[{"start":{"line":93,"column":2},"end":{"line":95,"column":3}},{"start":{},"end":{}}],"line":93}},"s":{"0":1,"1":1,"2":1,"3":10,"4":1,"5":5,"6":5,"7":1,"8":4,"9":4,"10":4,"11":4,"12":1,"13":3,"14":3,"15":1,"16":2,"17":0,"18":1,"19":6,"20":6,"21":6,"22":1,"23":5,"24":5,"25":4,"26":1,"27":1,"28":3,"29":3,"30":3,"31":2,"32":1,"33":1,"34":0,"35":1,"36":1,"37":0,"38":0,"39":0,"40":0,"41":1,"42":0,"43":0,"44":1},"f":{"0":10,"1":5,"2":4,"3":4,"4":6,"5":0,"6":0,"7":0},"b":{"0":[5,4],"1":[4],"2":[1,3],"3":[1,2],"4":[3,2],"5":[6,5],"6":[1,5],"7":[5,5],"8":[1,3],"9":[2,1],"10":[3,2],"11":[0,0]},"_coverageSchema":"1a1c01bbd47fc00a2c39e90264f33305004495a9","hash":"6f0374773359c5eb58964dad01f4513fe50d92fc"}
,"C:\\xampp\\htdocs\\PeruGym\\middleware\\cajaAbierta.js": {"path":"C:\\xampp\\htdocs\\PeruGym\\middleware\\cajaAbierta.js","statementMap":{"0":{"start":{"line":1,"column":17},"end":{"line":1,"column":36}},"1":{"start":{"line":2,"column":13},"end":{"line":2,"column":38}},"2":{"start":{"line":9,"column":27},"end":{"line":34,"column":1}},"3":{"start":{"line":10,"column":22},"end":{"line":10,"column":30}},"4":{"start":{"line":12,"column":2},"end":{"line":16,"column":3}},"5":{"start":{"line":13,"column":4},"end":{"line":15,"column":7}},"6":{"start":{"line":18,"column":2},"end":{"line":20,"column":3}},"7":{"start":{"line":19,"column":4},"end":{"line":19,"column":64}},"8":{"start":{"line":22,"column":2},"end":{"line":33,"column":3}},"9":{"start":{"line":23,"column":17},"end":{"line":23,"column":72}},"10":{"start":{"line":24,"column":4},"end":{"line":28,"column":5}},"11":{"start":{"line":25,"column":6},"end":{"line":27,"column":9}},"12":{"start":{"line":29,"column":4},"end":{"line":29,"column":26}},"13":{"start":{"line":30,"column":4},"end":{"line":30,"column":11}},"14":{"start":{"line":32,"column":4},"end":{"line":32,"column":87}},"15":{"start":{"line":36,"column":0},"end":{"line":36,"column":40}}},"fnMap":{"0":{"name":"(anonymous_0)","decl":{"start":{"line":9,"column":27},"end":{"line":9,"column":28}},"loc":{"start":{"line":9,"column":53},"end":{"line":34,"column":1}},"line":9}},"branchMap":{"0":{"loc":{"start":{"line":12,"column":2},"end":{"line":16,"column":3}},"type":"if","locations":[{"start":{"line":12,"column":2},"end":{"line":16,"column":3}},{"start":{},"end":{}}],"line":12},"1":{"loc":{"start":{"line":18,"column":2},"end":{"line":20,"column":3}},"type":"if","locations":[{"start":{"line":18,"column":2},"end":{"line":20,"column":3}},{"start":{},"end":{}}],"line":18},"2":{"loc":{"start":{"line":24,"column":4},"end":{"line":28,"column":5}},"type":"if","locations":[{"start":{"line":24,"column":4},"end":{"line":28,"column":5}},{"start":{},"end":{}}],"line":24}},"s":{"0":0,"1":0,"2":0,"3":0,"4":0,"5":0,"6":0,"7":0,"8":0,"9":0,"10":0,"11":0,"12":0,"13":0,"14":0,"15":0},"f":{"0":0},"b":{"0":[0,0],"1":[0,0],"2":[0,0]}}
,"C:\\xampp\\htdocs\\PeruGym\\middleware\\errorHandler.js": {"path":"C:\\xampp\\htdocs\\PeruGym\\middleware\\errorHandler.js","statementMap":{"0":{"start":{"line":1,"column":21},"end":{"line":1,"column":51}},"1":{"start":{"line":2,"column":15},"end":{"line":2,"column":41}},"2":{"start":{"line":10,"column":2},"end":{"line":10,"column":23}},"3":{"start":{"line":10,"column":13},"end":{"line":10,"column":23}},"4":{"start":{"line":11,"column":20},"end":{"line":11,"column":31}},"5":{"start":{"line":12,"column":26},"end":{"line":12,"column":57}},"6":{"start":{"line":13,"column":2},"end":{"line":17,"column":5}},"7":{"start":{"line":14,"column":4},"end":{"line":16,"column":5}},"8":{"start":{"line":15,"column":6},"end":{"line":15,"column":38}},"9":{"start":{"line":18,"column":2},"end":{"line":18,"column":19}},"10":{"start":{"line":24,"column":21},"end":{"line":93,"column":1}},"11":{"start":{"line":26,"column":23},"end":{"line":37,"column":3}},"12":{"start":{"line":40,"column":2},"end":{"line":42,"column":3}},"13":{"start":{"line":41,"column":4},"end":{"line":41,"column":35}},"14":{"start":{"line":44,"column":2},"end":{"line":44,"column":63}},"15":{"start":{"line":47,"column":2},"end":{"line":51,"column":3}},"16":{"start":{"line":48,"column":4},"end":{"line":50,"column":7}},"17":{"start":{"line":54,"column":2},"end":{"line":58,"column":3}},"18":{"start":{"line":55,"column":4},"end":{"line":57,"column":7}},"19":{"start":{"line":61,"column":2},"end":{"line":65,"column":3}},"20":{"start":{"line":62,"column":4},"end":{"line":64,"column":7}},"21":{"start":{"line":68,"column":2},"end":{"line":73,"column":3}},"22":{"start":{"line":69,"column":18},"end":{"line":69,"column":48}},"23":{"start":{"line":70,"column":4},"end":{"line":72,"column":7}},"24":{"start":{"line":76,"column":2},"end":{"line":80,"column":3}},"25":{"start":{"line":77,"column":4},"end":{"line":79,"column":7}},"26":{"start":{"line":82,"column":2},"end":{"line":86,"column":3}},"27":{"start":{"line":83,"column":4},"end":{"line":85,"column":7}},"28":{"start":{"line":89,"column":16},"end":{"line":89,"column":54}},"29":{"start":{"line":90,"column":2},"end":{"line":92,"column":5}},"30":{"start":{"line":100,"column":21},"end":{"line":102,"column":1}},"31":{"start":{"line":100,"column":29},"end":{"line":102,"column":1}},"32":{"start":{"line":101,"column":2},"end":{"line":101,"column":50}},"33":{"start":{"line":104,"column":0},"end":{"line":104,"column":48}}},"fnMap":{"0":{"name":"sanitizeBody","decl":{"start":{"line":9,"column":9},"end":{"line":9,"column":21}},"loc":{"start":{"line":9,"column":28},"end":{"line":19,"column":1}},"line":9},"1":{"name":"(anonymous_1)","decl":{"start":{"line":13,"column":26},"end":{"line":13,"column":27}},"loc":{"start":{"line":13,"column":35},"end":{"line":17,"column":3}},"line":13},"2":{"name":"(anonymous_2)","decl":{"start":{"line":24,"column":21},"end":{"line":24,"column":22}},"loc":{"start":{"line":24,"column":46},"end":{"line":93,"column":1}},"line":24},"3":{"name":"(anonymous_3)","decl":{"start":{"line":100,"column":21},"end":{"line":100,"column":22}},"loc":{"start":{"line":100,"column":29},"end":{"line":102,"column":1}},"line":100},"4":{"name":"(anonymous_4)","decl":{"start":{"line":100,"column":29},"end":{"line":100,"column":30}},"loc":{"start":{"line":100,"column":49},"end":{"line":102,"column":1}},"line":100}},"branchMap":{"0":{"loc":{"start":{"line":10,"column":2},"end":{"line":10,"column":23}},"type":"if","locations":[{"start":{"line":10,"column":2},"end":{"line":10,"column":23}},{"start":{},"end":{}}],"line":10},"1":{"loc":{"start":{"line":14,"column":4},"end":{"line":16,"column":5}},"type":"if","locations":[{"start":{"line":14,"column":4},"end":{"line":16,"column":5}},{"start":{},"end":{}}],"line":14},"2":{"loc":{"start":{"line":33,"column":18},"end":{"line":33,"column":39}},"type":"binary-expr","locations":[{"start":{"line":33,"column":18},"end":{"line":33,"column":32}},{"start":{"line":33,"column":36},"end":{"line":33,"column":39}}],"line":33},"3":{"loc":{"start":{"line":35,"column":10},"end":{"line":35,"column":37}},"type":"binary-expr","locations":[{"start":{"line":35,"column":10},"end":{"line":35,"column":22}},{"start":{"line":35,"column":26},"end":{"line":35,"column":37}}],"line":35},"4":{"loc":{"start":{"line":40,"column":2},"end":{"line":42,"column":3}},"type":"if","locations":[{"start":{"line":40,"column":2},"end":{"line":42,"column":3}},{"start":{},"end":{}}],"line":40},"5":{"loc":{"start":{"line":47,"column":2},"end":{"line":51,"column":3}},"type":"if","locations":[{"start":{"line":47,"column":2},"end":{"line":51,"column":3}},{"start":{},"end":{}}],"line":47},"6":{"loc":{"start":{"line":54,"column":2},"end":{"line":58,"column":3}},"type":"if","locations":[{"start":{"line":54,"column":2},"end":{"line":58,"column":3}},{"start":{},"end":{}}],"line":54},"7":{"loc":{"start":{"line":61,"column":2},"end":{"line":65,"column":3}},"type":"if","locations":[{"start":{"line":61,"column":2},"end":{"line":65,"column":3}},{"start":{},"end":{}}],"line":61},"8":{"loc":{"start":{"line":68,"column":2},"end":{"line":73,"column":3}},"type":"if","locations":[{"start":{"line":68,"column":2},"end":{"line":73,"column":3}},{"start":{},"end":{}}],"line":68},"9":{"loc":{"start":{"line":76,"column":2},"end":{"line":80,"column":3}},"type":"if","locations":[{"start":{"line":76,"column":2},"end":{"line":80,"column":3}},{"start":{},"end":{}}],"line":76},"10":{"loc":{"start":{"line":82,"column":2},"end":{"line":86,"column":3}},"type":"if","locations":[{"start":{"line":82,"column":2},"end":{"line":86,"column":3}},{"start":{},"end":{}}],"line":82},"11":{"loc":{"start":{"line":91,"column":11},"end":{"line":91,"column":62}},"type":"cond-expr","locations":[{"start":{"line":91,"column":19},"end":{"line":91,"column":30}},{"start":{"line":91,"column":33},"end":{"line":91,"column":62}}],"line":91}},"s":{"0":1,"1":1,"2":8,"3":0,"4":8,"5":8,"6":8,"7":24,"8":2,"9":8,"10":1,"11":8,"12":8,"13":0,"14":8,"15":8,"16":5,"17":3,"18":1,"19":2,"20":1,"21":1,"22":1,"23":1,"24":0,"25":0,"26":0,"27":0,"28":0,"29":0,"30":1,"31":2,"32":2,"33":1},"f":{"0":8,"1":24,"2":8,"3":2,"4":2},"b":{"0":[0,8],"1":[2,22],"2":[8,3],"3":[8,8],"4":[0,8],"5":[5,3],"6":[1,2],"7":[1,1],"8":[1,0],"9":[0,0],"10":[0,0],"11":[0,0]},"_coverageSchema":"1a1c01bbd47fc00a2c39e90264f33305004495a9","hash":"c9b487b45f3d0e020c7a5bce8b2e7e5bfd2e2e94"}
,"C:\\xampp\\htdocs\\PeruGym\\middleware\\validation.js": {"path":"C:\\xampp\\htdocs\\PeruGym\\middleware\\validation.js","statementMap":{"0":{"start":{"line":1,"column":49},"end":{"line":1,"column":77}},"1":{"start":{"line":6,"column":31},"end":{"line":12,"column":1}},"2":{"start":{"line":7,"column":17},"end":{"line":7,"column":38}},"3":{"start":{"line":8,"column":2},"end":{"line":10,"column":3}},"4":{"start":{"line":9,"column":4},"end":{"line":9,"column":66}},"5":{"start":{"line":11,"column":2},"end":{"line":11,"column":9}},"6":{"start":{"line":17,"column":19},"end":{"line":134,"column":1}},"7":{"start":{"line":21,"column":13},"end":{"line":25,"column":60}},"8":{"start":{"line":32,"column":22},"end":{"line":34,"column":65}},"9":{"start":{"line":34,"column":30},"end":{"line":34,"column":64}},"10":{"start":{"line":36,"column":4},"end":{"line":51,"column":5}},"11":{"start":{"line":37,"column":6},"end":{"line":43,"column":54}},"12":{"start":{"line":45,"column":6},"end":{"line":50,"column":54}},"13":{"start":{"line":57,"column":15},"end":{"line":64,"column":48}},"14":{"start":{"line":72,"column":22},"end":{"line":72,"column":56}},"15":{"start":{"line":73,"column":4},"end":{"line":75,"column":41}},"16":{"start":{"line":82,"column":30},"end":{"line":84,"column":50}},"17":{"start":{"line":90,"column":20},"end":{"line":93,"column":55}},"18":{"start":{"line":100,"column":27},"end":{"line":102,"column":66}},"19":{"start":{"line":107,"column":21},"end":{"line":109,"column":71}},"20":{"start":{"line":109,"column":28},"end":{"line":109,"column":70}},"21":{"start":{"line":119,"column":22},"end":{"line":119,"column":40}},"22":{"start":{"line":121,"column":4},"end":{"line":132,"column":5}},"23":{"start":{"line":122,"column":6},"end":{"line":126,"column":90}},"24":{"start":{"line":128,"column":6},"end":{"line":131,"column":90}},"25":{"start":{"line":136,"column":0},"end":{"line":136,"column":56}}},"fnMap":{"0":{"name":"(anonymous_0)","decl":{"start":{"line":6,"column":31},"end":{"line":6,"column":32}},"loc":{"start":{"line":6,"column":51},"end":{"line":12,"column":1}},"line":6},"1":{"name":"(anonymous_1)","decl":{"start":{"line":21,"column":7},"end":{"line":21,"column":8}},"loc":{"start":{"line":21,"column":13},"end":{"line":25,"column":60}},"line":21},"2":{"name":"(anonymous_2)","decl":{"start":{"line":31,"column":12},"end":{"line":31,"column":13}},"loc":{"start":{"line":31,"column":33},"end":{"line":52,"column":3}},"line":31},"3":{"name":"(anonymous_3)","decl":{"start":{"line":34,"column":23},"end":{"line":34,"column":24}},"loc":{"start":{"line":34,"column":30},"end":{"line":34,"column":64}},"line":34},"4":{"name":"(anonymous_4)","decl":{"start":{"line":57,"column":9},"end":{"line":57,"column":10}},"loc":{"start":{"line":57,"column":15},"end":{"line":64,"column":48}},"line":57},"5":{"name":"(anonymous_5)","decl":{"start":{"line":71,"column":11},"end":{"line":71,"column":12}},"loc":{"start":{"line":71,"column":49},"end":{"line":76,"column":3}},"line":71},"6":{"name":"(anonymous_6)","decl":{"start":{"line":82,"column":9},"end":{"line":82,"column":10}},"loc":{"start":{"line":82,"column":30},"end":{"line":84,"column":50}},"line":82},"7":{"name":"(anonymous_7)","decl":{"start":{"line":90,"column":9},"end":{"line":90,"column":10}},"loc":{"start":{"line":90,"column":20},"end":{"line":93,"column":55}},"line":90},"8":{"name":"(anonymous_8)","decl":{"start":{"line":100,"column":8},"end":{"line":100,"column":9}},"loc":{"start":{"line":100,"column":27},"end":{"line":102,"column":66}},"line":100},"9":{"name":"(anonymous_9)","decl":{"start":{"line":107,"column":15},"end":{"line":107,"column":16}},"loc":{"start":{"line":107,"column":21},"end":{"line":109,"column":71}},"line":107},"10":{"name":"(anonymous_10)","decl":{"start":{"line":109,"column":21},"end":{"line":109,"column":22}},"loc":{"start":{"line":109,"column":28},"end":{"line":109,"column":70}},"line":109},"11":{"name":"(anonymous_11)","decl":{"start":{"line":118,"column":10},"end":{"line":118,"column":11}},"loc":{"start":{"line":118,"column":71},"end":{"line":133,"column":3}},"line":118}},"branchMap":{"0":{"loc":{"start":{"line":8,"column":2},"end":{"line":10,"column":3}},"type":"if","locations":[{"start":{"line":8,"column":2},"end":{"line":10,"column":3}},{"start":{},"end":{}}],"line":8},"1":{"loc":{"start":{"line":31,"column":13},"end":{"line":31,"column":28}},"type":"default-arg","locations":[{"start":{"line":31,"column":24},"end":{"line":31,"column":28}}],"line":31},"2":{"loc":{"start":{"line":34,"column":30},"end":{"line":34,"column":64}},"type":"cond-expr","locations":[{"start":{"line":34,"column":36},"end":{"line":34,"column":58}},{"start":{"line":34,"column":61},"end":{"line":34,"column":64}}],"line":34},"3":{"loc":{"start":{"line":36,"column":4},"end":{"line":51,"column":5}},"type":"if","locations":[{"start":{"line":36,"column":4},"end":{"line":51,"column":5}},{"start":{"line":44,"column":11},"end":{"line":51,"column":5}}],"line":36},"4":{"loc":{"start":{"line":71,"column":12},"end":{"line":71,"column":24}},"type":"default-arg","locations":[{"start":{"line":71,"column":20},"end":{"line":71,"column":24}}],"line":71},"5":{"loc":{"start":{"line":71,"column":26},"end":{"line":71,"column":44}},"type":"default-arg","locations":[{"start":{"line":71,"column":37},"end":{"line":71,"column":44}}],"line":71},"6":{"loc":{"start":{"line":72,"column":22},"end":{"line":72,"column":56}},"type":"cond-expr","locations":[{"start":{"line":72,"column":44},"end":{"line":72,"column":48}},{"start":{"line":72,"column":51},"end":{"line":72,"column":56}}],"line":72},"7":{"loc":{"start":{"line":82,"column":10},"end":{"line":82,"column":25}},"type":"default-arg","locations":[{"start":{"line":82,"column":18},"end":{"line":82,"column":25}}],"line":82},"8":{"loc":{"start":{"line":118,"column":18},"end":{"line":118,"column":34}},"type":"default-arg","locations":[{"start":{"line":118,"column":29},"end":{"line":118,"column":34}}],"line":118},"9":{"loc":{"start":{"line":118,"column":36},"end":{"line":118,"column":49}},"type":"default-arg","locations":[{"start":{"line":118,"column":48},"end":{"line":118,"column":49}}],"line":118},"10":{"loc":{"start":{"line":118,"column":51},"end":{"line":118,"column":66}},"type":"default-arg","locations":[{"start":{"line":118,"column":63},"end":{"line":118,"column":66}}],"line":118},"11":{"loc":{"start":{"line":121,"column":4},"end":{"line":132,"column":5}},"type":"if","locations":[{"start":{"line":121,"column":4},"end":{"line":132,"column":5}},{"start":{"line":127,"column":11},"end":{"line":132,"column":5}}],"line":121}},"s":{"0":2,"1":2,"2":0,"3":0,"4":0,"5":0,"6":2,"7":8,"8":11,"9":11,"10":11,"11":11,"12":0,"13":10,"14":4,"15":4,"16":5,"17":5,"18":3,"19":3,"20":2,"21":5,"22":5,"23":2,"24":3,"25":2},"f":{"0":0,"1":8,"2":11,"3":11,"4":10,"5":4,"6":5,"7":5,"8":3,"9":3,"10":2,"11":5},"b":{"0":[0,0],"1":[11],"2":[10,1],"3":[11,0],"4":[0],"5":[0],"6":[1,3],"7":[0],"8":[0],"9":[0],"10":[0],"11":[2,3]},"_coverageSchema":"1a1c01bbd47fc00a2c39e90264f33305004495a9","hash":"0994a47f1819b08bad27ca0907099f1615ef290d"}
,"C:\\xampp\\htdocs\\PeruGym\\middleware\\errors\\ErrorTypes.js": {"path":"C:\\xampp\\htdocs\\PeruGym\\middleware\\errors\\ErrorTypes.js","statementMap":{"0":{"start":{"line":6,"column":4},"end":{"line":6,"column":19}},"1":{"start":{"line":7,"column":4},"end":{"line":7,"column":38}},"2":{"start":{"line":8,"column":4},"end":{"line":8,"column":33}},"3":{"start":{"line":9,"column":4},"end":{"line":9,"column":30}},"4":{"start":{"line":10,"column":4},"end":{"line":10,"column":52}},"5":{"start":{"line":19,"column":4},"end":{"line":19,"column":24}},"6":{"start":{"line":28,"column":4},"end":{"line":28,"column":45}},"7":{"start":{"line":37,"column":4},"end":{"line":37,"column":24}},"8":{"start":{"line":46,"column":4},"end":{"line":46,"column":24}},"9":{"start":{"line":55,"column":4},"end":{"line":55,"column":24}},"10":{"start":{"line":64,"column":4},"end":{"line":64,"column":24}},"11":{"start":{"line":68,"column":0},"end":{"line":76,"column":2}}},"fnMap":{"0":{"name":"(anonymous_0)","decl":{"start":{"line":5,"column":2},"end":{"line":5,"column":3}},"loc":{"start":{"line":5,"column":41},"end":{"line":11,"column":3}},"line":5},"1":{"name":"(anonymous_1)","decl":{"start":{"line":18,"column":2},"end":{"line":18,"column":3}},"loc":{"start":{"line":18,"column":23},"end":{"line":20,"column":3}},"line":18},"2":{"name":"(anonymous_2)","decl":{"start":{"line":27,"column":2},"end":{"line":27,"column":3}},"loc":{"start":{"line":27,"column":36},"end":{"line":29,"column":3}},"line":27},"3":{"name":"(anonymous_3)","decl":{"start":{"line":36,"column":2},"end":{"line":36,"column":3}},"loc":{"start":{"line":36,"column":23},"end":{"line":38,"column":3}},"line":36},"4":{"name":"(anonymous_4)","decl":{"start":{"line":45,"column":2},"end":{"line":45,"column":3}},"loc":{"start":{"line":45,"column":41},"end":{"line":47,"column":3}},"line":45},"5":{"name":"(anonymous_5)","decl":{"start":{"line":54,"column":2},"end":{"line":54,"column":3}},"loc":{"start":{"line":54,"column":43},"end":{"line":56,"column":3}},"line":54},"6":{"name":"(anonymous_6)","decl":{"start":{"line":63,"column":2},"end":{"line":63,"column":3}},"loc":{"start":{"line":63,"column":23},"end":{"line":65,"column":3}},"line":63}},"branchMap":{"0":{"loc":{"start":{"line":5,"column":23},"end":{"line":5,"column":39}},"type":"default-arg","locations":[{"start":{"line":5,"column":36},"end":{"line":5,"column":39}}],"line":5},"1":{"loc":{"start":{"line":27,"column":14},"end":{"line":27,"column":34}},"type":"default-arg","locations":[{"start":{"line":27,"column":25},"end":{"line":27,"column":34}}],"line":27},"2":{"loc":{"start":{"line":45,"column":14},"end":{"line":45,"column":39}},"type":"default-arg","locations":[{"start":{"line":45,"column":24},"end":{"line":45,"column":39}}],"line":45},"3":{"loc":{"start":{"line":54,"column":14},"end":{"line":54,"column":41}},"type":"default-arg","locations":[{"start":{"line":54,"column":24},"end":{"line":54,"column":41}}],"line":54}},"s":{"0":46,"1":46,"2":46,"3":46,"4":46,"5":1,"6":10,"7":1,"8":1,"9":0,"10":32,"11":8},"f":{"0":46,"1":1,"2":10,"3":1,"4":1,"5":0,"6":32},"b":{"0":[1],"1":[0],"2":[1],"3":[0]},"_coverageSchema":"1a1c01bbd47fc00a2c39e90264f33305004495a9","hash":"6b171e061e591cf486ec1fabd3de4682e25bd0fa"}
,"C:\\xampp\\htdocs\\PeruGym\\routes\\asistencia.js": {"path":"C:\\xampp\\htdocs\\PeruGym\\routes\\asistencia.js","statementMap":{"0":{"start":{"line":1,"column":16},"end":{"line":1,"column":43}},"1":{"start":{"line":2,"column":19},"end":{"line":2,"column":50}},"2":{"start":{"line":3,"column":24},"end":{"line":3,"column":53}},"3":{"start":{"line":5,"column":0},"end":{"line":5,"column":24}},"4":{"start":{"line":8,"column":58},"end":{"line":8,"column":63}},"5":{"start":{"line":9,"column":17},"end":{"line":9,"column":19}},"6":{"start":{"line":10,"column":24},"end":{"line":10,"column":26}},"7":{"start":{"line":12,"column":2},"end":{"line":12,"column":49}},"8":{"start":{"line":12,"column":18},"end":{"line":12,"column":49}},"9":{"start":{"line":14,"column":2},"end":{"line":27,"column":3}},"10":{"start":{"line":15,"column":14},"end":{"line":15,"column":29}},"11":{"start":{"line":16,"column":17},"end":{"line":16,"column":28}},"12":{"start":{"line":16,"column":30},"end":{"line":16,"column":63}},"13":{"start":{"line":17,"column":4},"end":{"line":17,"column":42}},"14":{"start":{"line":19,"column":4},"end":{"line":26,"column":5}},"15":{"start":{"line":20,"column":6},"end":{"line":20,"column":24}},"16":{"start":{"line":21,"column":6},"end":{"line":21,"column":51}},"17":{"start":{"line":21,"column":16},"end":{"line":21,"column":51}},"18":{"start":{"line":22,"column":6},"end":{"line":25,"column":7}},"19":{"start":{"line":23,"column":23},"end":{"line":23,"column":35}},"20":{"start":{"line":23,"column":37},"end":{"line":23,"column":74}},"21":{"start":{"line":24,"column":8},"end":{"line":24,"column":34}},"22":{"start":{"line":29,"column":2},"end":{"line":29,"column":52}},"23":{"start":{"line":29,"column":31},"end":{"line":29,"column":52}},"24":{"start":{"line":30,"column":2},"end":{"line":30,"column":61}},"25":{"start":{"line":30,"column":31},"end":{"line":30,"column":61}},"26":{"start":{"line":32,"column":2},"end":{"line":32,"column":50}},"27":{"start":{"line":35,"column":0},"end":{"line":84,"column":3}},"28":{"start":{"line":36,"column":35},"end":{"line":36,"column":44}},"29":{"start":{"line":37,"column":35},"end":{"line":37,"column":57}},"30":{"start":{"line":39,"column":2},"end":{"line":83,"column":3}},"31":{"start":{"line":40,"column":16},"end":{"line":41,"column":48}},"32":{"start":{"line":43,"column":4},"end":{"line":45,"column":5}},"33":{"start":{"line":47,"column":16},"end":{"line":47,"column":49}},"34":{"start":{"line":50,"column":21},"end":{"line":52,"column":11}},"35":{"start":{"line":51,"column":24},"end":{"line":51,"column":96}},"36":{"start":{"line":54,"column":18},"end":{"line":54,"column":33}},"37":{"start":{"line":55,"column":22},"end":{"line":55,"column":70}},"38":{"start":{"line":58,"column":18},"end":{"line":58,"column":28}},"39":{"start":{"line":58,"column":30},"end":{"line":58,"column":57}},"40":{"start":{"line":59,"column":21},"end":{"line":59,"column":36}},"41":{"start":{"line":59,"column":38},"end":{"line":59,"column":79}},"42":{"start":{"line":60,"column":25},"end":{"line":60,"column":89}},"43":{"start":{"line":61,"column":18},"end":{"line":70,"column":5}},"44":{"start":{"line":63,"column":41},"end":{"line":63,"column":50}},"45":{"start":{"line":65,"column":26},"end":{"line":65,"column":60}},"46":{"start":{"line":65,"column":51},"end":{"line":65,"column":59}},"47":{"start":{"line":66,"column":8},"end":{"line":66,"column":43}},"48":{"start":{"line":66,"column":31},"end":{"line":66,"column":43}},"49":{"start":{"line":67,"column":20},"end":{"line":67,"column":100}},"50":{"start":{"line":67,"column":49},"end":{"line":67,"column":77}},"51":{"start":{"line":68,"column":8},"end":{"line":68,"column":39}},"52":{"start":{"line":72,"column":17},"end":{"line":77,"column":7}},"53":{"start":{"line":72,"column":37},"end":{"line":77,"column":5}},"54":{"start":{"line":79,"column":4},"end":{"line":79,"column":92}},"55":{"start":{"line":81,"column":4},"end":{"line":81,"column":57}},"56":{"start":{"line":82,"column":4},"end":{"line":82,"column":49}},"57":{"start":{"line":87,"column":0},"end":{"line":216,"column":3}},"58":{"start":{"line":88,"column":35},"end":{"line":88,"column":57}},"59":{"start":{"line":90,"column":2},"end":{"line":215,"column":3}},"60":{"start":{"line":91,"column":16},"end":{"line":93,"column":28}},"61":{"start":{"line":95,"column":21},"end":{"line":97,"column":11}},"62":{"start":{"line":96,"column":24},"end":{"line":96,"column":96}},"63":{"start":{"line":99,"column":17},"end":{"line":114,"column":6}},"64":{"start":{"line":100,"column":22},"end":{"line":100,"column":76}},"65":{"start":{"line":101,"column":22},"end":{"line":101,"column":77}},"66":{"start":{"line":102,"column":21},"end":{"line":102,"column":31}},"67":{"start":{"line":103,"column":6},"end":{"line":106,"column":7}},"68":{"start":{"line":104,"column":21},"end":{"line":104,"column":62}},"69":{"start":{"line":105,"column":8},"end":{"line":105,"column":78}},"70":{"start":{"line":107,"column":6},"end":{"line":113,"column":8}},"71":{"start":{"line":116,"column":20},"end":{"line":116,"column":38}},"72":{"start":{"line":117,"column":17},"end":{"line":117,"column":32}},"73":{"start":{"line":118,"column":15},"end":{"line":118,"column":28}},"74":{"start":{"line":120,"column":15},"end":{"line":120,"column":37}},"75":{"start":{"line":121,"column":4},"end":{"line":121,"column":35}},"76":{"start":{"line":122,"column":4},"end":{"line":122,"column":28}},"77":{"start":{"line":124,"column":15},"end":{"line":126,"column":6}},"78":{"start":{"line":128,"column":4},"end":{"line":131,"column":6}},"79":{"start":{"line":133,"column":4},"end":{"line":133,"column":29}},"80":{"start":{"line":134,"column":4},"end":{"line":134,"column":29}},"81":{"start":{"line":135,"column":4},"end":{"line":135,"column":29}},"82":{"start":{"line":136,"column":4},"end":{"line":136,"column":28}},"83":{"start":{"line":137,"column":4},"end":{"line":137,"column":29}},"84":{"start":{"line":139,"column":4},"end":{"line":139,"column":27}},"85":{"start":{"line":140,"column":4},"end":{"line":140,"column":97}},"86":{"start":{"line":141,"column":4},"end":{"line":141,"column":71}},"87":{"start":{"line":142,"column":4},"end":{"line":142,"column":99}},"88":{"start":{"line":143,"column":4},"end":{"line":143,"column":87}},"89":{"start":{"line":145,"column":21},"end":{"line":145,"column":125}},"90":{"start":{"line":146,"column":4},"end":{"line":149,"column":5}},"91":{"start":{"line":147,"column":21},"end":{"line":147,"column":74}},"92":{"start":{"line":148,"column":6},"end":{"line":148,"column":105}},"93":{"start":{"line":151,"column":4},"end":{"line":151,"column":27}},"94":{"start":{"line":152,"column":4},"end":{"line":152,"column":75}},"95":{"start":{"line":153,"column":4},"end":{"line":153,"column":100}},"96":{"start":{"line":154,"column":4},"end":{"line":154,"column":87}},"97":{"start":{"line":155,"column":4},"end":{"line":155,"column":97}},"98":{"start":{"line":157,"column":4},"end":{"line":157,"column":27}},"99":{"start":{"line":158,"column":4},"end":{"line":158,"column":97}},"100":{"start":{"line":159,"column":4},"end":{"line":159,"column":109}},"101":{"start":{"line":160,"column":4},"end":{"line":160,"column":69}},"102":{"start":{"line":161,"column":4},"end":{"line":161,"column":47}},"103":{"start":{"line":163,"column":4},"end":{"line":163,"column":27}},"104":{"start":{"line":164,"column":4},"end":{"line":164,"column":97}},"105":{"start":{"line":166,"column":20},"end":{"line":166,"column":78}},"106":{"start":{"line":167,"column":23},"end":{"line":167,"column":53}},"107":{"start":{"line":168,"column":4},"end":{"line":175,"column":7}},"108":{"start":{"line":169,"column":19},"end":{"line":169,"column":52}},"109":{"start":{"line":170,"column":6},"end":{"line":170,"column":21}},"110":{"start":{"line":171,"column":6},"end":{"line":171,"column":89}},"111":{"start":{"line":172,"column":6},"end":{"line":172,"column":87}},"112":{"start":{"line":173,"column":6},"end":{"line":173,"column":68}},"113":{"start":{"line":174,"column":6},"end":{"line":174,"column":241}},"114":{"start":{"line":177,"column":4},"end":{"line":195,"column":7}},"115":{"start":{"line":178,"column":21},"end":{"line":178,"column":26}},"116":{"start":{"line":179,"column":6},"end":{"line":179,"column":36}},"117":{"start":{"line":180,"column":22},"end":{"line":180,"column":59}},"118":{"start":{"line":181,"column":21},"end":{"line":181,"column":81}},"119":{"start":{"line":182,"column":6},"end":{"line":194,"column":9}},"120":{"start":{"line":183,"column":21},"end":{"line":183,"column":57}},"121":{"start":{"line":184,"column":8},"end":{"line":184,"column":25}},"122":{"start":{"line":185,"column":8},"end":{"line":185,"column":50}},"123":{"start":{"line":186,"column":8},"end":{"line":186,"column":86}},"124":{"start":{"line":187,"column":8},"end":{"line":187,"column":90}},"125":{"start":{"line":188,"column":8},"end":{"line":188,"column":136}},"126":{"start":{"line":189,"column":8},"end":{"line":193,"column":9}},"127":{"start":{"line":190,"column":10},"end":{"line":192,"column":86}},"128":{"start":{"line":190,"column":34},"end":{"line":190,"column":117}},"129":{"start":{"line":191,"column":15},"end":{"line":192,"column":86}},"130":{"start":{"line":191,"column":40},"end":{"line":191,"column":123}},"131":{"start":{"line":192,"column":15},"end":{"line":192,"column":86}},"132":{"start":{"line":197,"column":24},"end":{"line":197,"column":39}},"133":{"start":{"line":198,"column":4},"end":{"line":198,"column":58}},"134":{"start":{"line":199,"column":22},"end":{"line":199,"column":51}},"135":{"start":{"line":200,"column":4},"end":{"line":200,"column":59}},"136":{"start":{"line":201,"column":4},"end":{"line":201,"column":92}},"137":{"start":{"line":202,"column":4},"end":{"line":202,"column":90}},"138":{"start":{"line":203,"column":4},"end":{"line":203,"column":70}},"139":{"start":{"line":204,"column":4},"end":{"line":204,"column":39}},"140":{"start":{"line":206,"column":4},"end":{"line":206,"column":133}},"141":{"start":{"line":208,"column":4},"end":{"line":208,"column":103}},"142":{"start":{"line":209,"column":4},"end":{"line":209,"column":84}},"143":{"start":{"line":210,"column":4},"end":{"line":210,"column":29}},"144":{"start":{"line":211,"column":4},"end":{"line":211,"column":14}},"145":{"start":{"line":213,"column":4},"end":{"line":213,"column":54}},"146":{"start":{"line":214,"column":4},"end":{"line":214,"column":49}},"147":{"start":{"line":218,"column":0},"end":{"line":243,"column":3}},"148":{"start":{"line":219,"column":25},"end":{"line":219,"column":33}},"149":{"start":{"line":220,"column":2},"end":{"line":242,"column":65}},"150":{"start":{"line":221,"column":18},"end":{"line":221,"column":28}},"151":{"start":{"line":221,"column":30},"end":{"line":221,"column":57}},"152":{"start":{"line":222,"column":21},"end":{"line":222,"column":36}},"153":{"start":{"line":222,"column":38},"end":{"line":222,"column":79}},"154":{"start":{"line":224,"column":21},"end":{"line":228,"column":6}},"155":{"start":{"line":229,"column":4},"end":{"line":229,"column":103}},"156":{"start":{"line":229,"column":18},"end":{"line":229,"column":103}},"157":{"start":{"line":231,"column":20},"end":{"line":231,"column":59}},"158":{"start":{"line":233,"column":23},"end":{"line":234,"column":48}},"159":{"start":{"line":236,"column":4},"end":{"line":241,"column":7}},"160":{"start":{"line":242,"column":18},"end":{"line":242,"column":63}},"161":{"start":{"line":245,"column":0},"end":{"line":261,"column":3}},"162":{"start":{"line":246,"column":2},"end":{"line":260,"column":65}},"163":{"start":{"line":247,"column":23},"end":{"line":251,"column":47}},"164":{"start":{"line":254,"column":4},"end":{"line":259,"column":7}},"165":{"start":{"line":260,"column":18},"end":{"line":260,"column":63}},"166":{"start":{"line":263,"column":0},"end":{"line":282,"column":3}},"167":{"start":{"line":264,"column":2},"end":{"line":281,"column":65}},"168":{"start":{"line":265,"column":19},"end":{"line":266,"column":28}},"169":{"start":{"line":267,"column":4},"end":{"line":267,"column":82}},"170":{"start":{"line":267,"column":17},"end":{"line":267,"column":82}},"171":{"start":{"line":269,"column":23},"end":{"line":273,"column":47}},"172":{"start":{"line":275,"column":4},"end":{"line":280,"column":7}},"173":{"start":{"line":281,"column":18},"end":{"line":281,"column":63}},"174":{"start":{"line":284,"column":0},"end":{"line":284,"column":24}}},"fnMap":{"0":{"name":"buildFilter","decl":{"start":{"line":7,"column":9},"end":{"line":7,"column":20}},"loc":{"start":{"line":7,"column":28},"end":{"line":33,"column":1}},"line":7},"1":{"name":"(anonymous_1)","decl":{"start":{"line":35,"column":16},"end":{"line":35,"column":17}},"loc":{"start":{"line":35,"column":36},"end":{"line":84,"column":1}},"line":35},"2":{"name":"(anonymous_2)","decl":{"start":{"line":51,"column":19},"end":{"line":51,"column":20}},"loc":{"start":{"line":51,"column":24},"end":{"line":51,"column":96}},"line":51},"3":{"name":"(anonymous_3)","decl":{"start":{"line":63,"column":36},"end":{"line":63,"column":37}},"loc":{"start":{"line":63,"column":41},"end":{"line":63,"column":50}},"line":63},"4":{"name":"(anonymous_4)","decl":{"start":{"line":64,"column":21},"end":{"line":64,"column":22}},"loc":{"start":{"line":64,"column":27},"end":{"line":69,"column":7}},"line":64},"5":{"name":"(anonymous_5)","decl":{"start":{"line":65,"column":46},"end":{"line":65,"column":47}},"loc":{"start":{"line":65,"column":51},"end":{"line":65,"column":59}},"line":65},"6":{"name":"(anonymous_6)","decl":{"start":{"line":67,"column":37},"end":{"line":67,"column":38}},"loc":{"start":{"line":67,"column":49},"end":{"line":67,"column":77}},"line":67},"7":{"name":"(anonymous_7)","decl":{"start":{"line":72,"column":31},"end":{"line":72,"column":32}},"loc":{"start":{"line":72,"column":37},"end":{"line":77,"column":5}},"line":72},"8":{"name":"(anonymous_8)","decl":{"start":{"line":87,"column":22},"end":{"line":87,"column":23}},"loc":{"start":{"line":87,"column":42},"end":{"line":216,"column":1}},"line":87},"9":{"name":"(anonymous_9)","decl":{"start":{"line":96,"column":19},"end":{"line":96,"column":20}},"loc":{"start":{"line":96,"column":24},"end":{"line":96,"column":96}},"line":96},"10":{"name":"(anonymous_10)","decl":{"start":{"line":99,"column":30},"end":{"line":99,"column":31}},"loc":{"start":{"line":99,"column":35},"end":{"line":114,"column":5}},"line":99},"11":{"name":"(anonymous_11)","decl":{"start":{"line":168,"column":20},"end":{"line":168,"column":21}},"loc":{"start":{"line":168,"column":32},"end":{"line":175,"column":5}},"line":168},"12":{"name":"(anonymous_12)","decl":{"start":{"line":177,"column":17},"end":{"line":177,"column":18}},"loc":{"start":{"line":177,"column":27},"end":{"line":195,"column":5}},"line":177},"13":{"name":"(anonymous_13)","decl":{"start":{"line":182,"column":21},"end":{"line":182,"column":22}},"loc":{"start":{"line":182,"column":35},"end":{"line":194,"column":7}},"line":182},"14":{"name":"(anonymous_14)","decl":{"start":{"line":218,"column":24},"end":{"line":218,"column":25}},"loc":{"start":{"line":218,"column":44},"end":{"line":243,"column":1}},"line":218},"15":{"name":"(anonymous_15)","decl":{"start":{"line":245,"column":28},"end":{"line":245,"column":29}},"loc":{"start":{"line":245,"column":48},"end":{"line":261,"column":1}},"line":245},"16":{"name":"(anonymous_16)","decl":{"start":{"line":263,"column":44},"end":{"line":263,"column":45}},"loc":{"start":{"line":263,"column":64},"end":{"line":282,"column":1}},"line":263}},"branchMap":{"0":{"loc":{"start":{"line":12,"column":2},"end":{"line":12,"column":49}},"type":"if","locations":[{"start":{"line":12,"column":2},"end":{"line":12,"column":49}},{"start":{},"end":{}}],"line":12},"1":{"loc":{"start":{"line":14,"column":2},"end":{"line":27,"column":3}},"type":"if","locations":[{"start":{"line":14,"column":2},"end":{"line":27,"column":3}},{"start":{"line":18,"column":9},"end":{"line":27,"column":3}}],"line":14},"2":{"loc":{"start":{"line":19,"column":4},"end":{"line":26,"column":5}},"type":"if","locations":[{"start":{"line":19,"column":4},"end":{"line":26,"column":5}},{"start":{},"end":{}}],"line":19},"3":{"loc":{"start":{"line":19,"column":8},"end":{"line":19,"column":18}},"type":"binary-expr","locations":[{"start":{"line":19,"column":8},"end":{"line":19,"column":12}},{"start":{"line":19,"column":16},"end":{"line":19,"column":18}}],"line":19},"4":{"loc":{"start":{"line":21,"column":6},"end":{"line":21,"column":51}},"type":"if","locations":[{"start":{"line":21,"column":6},"end":{"line":21,"column":51}},{"start":{},"end":{}}],"line":21},"5":{"loc":{"start":{"line":22,"column":6},"end":{"line":25,"column":7}},"type":"if","locations":[{"start":{"line":22,"column":6},"end":{"line":25,"column":7}},{"start":{},"end":{}}],"line":22},"6":{"loc":{"start":{"line":29,"column":2},"end":{"line":29,"column":52}},"type":"if","locations":[{"start":{"line":29,"column":2},"end":{"line":29,"column":52}},{"start":{},"end":{}}],"line":29},"7":{"loc":{"start":{"line":30,"column":2},"end":{"line":30,"column":61}},"type":"if","locations":[{"start":{"line":30,"column":2},"end":{"line":30,"column":61}},{"start":{},"end":{}}],"line":30},"8":{"loc":{"start":{"line":32,"column":33},"end":{"line":32,"column":47}},"type":"binary-expr","locations":[{"start":{"line":32,"column":33},"end":{"line":32,"column":39}},{"start":{"line":32,"column":43},"end":{"line":32,"column":47}}],"line":32},"9":{"loc":{"start":{"line":36,"column":10},"end":{"line":36,"column":18}},"type":"default-arg","locations":[{"start":{"line":36,"column":17},"end":{"line":36,"column":18}}],"line":36},"10":{"loc":{"start":{"line":36,"column":20},"end":{"line":36,"column":30}},"type":"default-arg","locations":[{"start":{"line":36,"column":28},"end":{"line":36,"column":30}}],"line":36},"11":{"loc":{"start":{"line":43,"column":4},"end":{"line":45,"column":5}},"type":"if","locations":[{"start":{"line":43,"column":4},"end":{"line":45,"column":5}},{"start":{},"end":{}}],"line":43},"12":{"loc":{"start":{"line":50,"column":21},"end":{"line":52,"column":11}},"type":"cond-expr","locations":[{"start":{"line":51,"column":8},"end":{"line":51,"column":97}},{"start":{"line":52,"column":8},"end":{"line":52,"column":11}}],"line":50},"13":{"loc":{"start":{"line":66,"column":8},"end":{"line":66,"column":43}},"type":"if","locations":[{"start":{"line":66,"column":8},"end":{"line":66,"column":43}},{"start":{},"end":{}}],"line":66},"14":{"loc":{"start":{"line":95,"column":21},"end":{"line":97,"column":11}},"type":"cond-expr","locations":[{"start":{"line":96,"column":8},"end":{"line":96,"column":97}},{"start":{"line":97,"column":8},"end":{"line":97,"column":11}}],"line":95},"15":{"loc":{"start":{"line":100,"column":22},"end":{"line":100,"column":76}},"type":"cond-expr","locations":[{"start":{"line":100,"column":34},"end":{"line":100,"column":70}},{"start":{"line":100,"column":73},"end":{"line":100,"column":76}}],"line":100},"16":{"loc":{"start":{"line":101,"column":22},"end":{"line":101,"column":77}},"type":"cond-expr","locations":[{"start":{"line":101,"column":34},"end":{"line":101,"column":69}},{"start":{"line":101,"column":73},"end":{"line":101,"column":77}}],"line":101},"17":{"loc":{"start":{"line":103,"column":6},"end":{"line":106,"column":7}},"type":"if","locations":[{"start":{"line":103,"column":6},"end":{"line":106,"column":7}},{"start":{},"end":{}}],"line":103},"18":{"loc":{"start":{"line":105,"column":19},"end":{"line":105,"column":77}},"type":"cond-expr","locations":[{"start":{"line":105,"column":31},"end":{"line":105,"column":44}},{"start":{"line":105,"column":47},"end":{"line":105,"column":77}}],"line":105},"19":{"loc":{"start":{"line":108,"column":17},"end":{"line":108,"column":44}},"type":"binary-expr","locations":[{"start":{"line":108,"column":17},"end":{"line":108,"column":37}},{"start":{"line":108,"column":41},"end":{"line":108,"column":44}}],"line":108},"20":{"loc":{"start":{"line":109,"column":15},"end":{"line":109,"column":100}},"type":"cond-expr","locations":[{"start":{"line":109,"column":25},"end":{"line":109,"column":60}},{"start":{"line":109,"column":63},"end":{"line":109,"column":100}}],"line":109},"21":{"loc":{"start":{"line":111,"column":16},"end":{"line":111,"column":29}},"type":"binary-expr","locations":[{"start":{"line":111,"column":16},"end":{"line":111,"column":22}},{"start":{"line":111,"column":26},"end":{"line":111,"column":29}}],"line":111},"22":{"loc":{"start":{"line":146,"column":4},"end":{"line":149,"column":5}},"type":"if","locations":[{"start":{"line":146,"column":4},"end":{"line":149,"column":5}},{"start":{},"end":{}}],"line":146},"23":{"loc":{"start":{"line":180,"column":22},"end":{"line":180,"column":59}},"type":"cond-expr","locations":[{"start":{"line":180,"column":36},"end":{"line":180,"column":46}},{"start":{"line":180,"column":49},"end":{"line":180,"column":59}}],"line":180},"24":{"loc":{"start":{"line":187,"column":59},"end":{"line":187,"column":87}},"type":"cond-expr","locations":[{"start":{"line":187,"column":70},"end":{"line":187,"column":76}},{"start":{"line":187,"column":79},"end":{"line":187,"column":87}}],"line":187},"25":{"loc":{"start":{"line":189,"column":8},"end":{"line":193,"column":9}},"type":"if","locations":[{"start":{"line":189,"column":8},"end":{"line":193,"column":9}},{"start":{},"end":{}}],"line":189},"26":{"loc":{"start":{"line":190,"column":10},"end":{"line":192,"column":86}},"type":"if","locations":[{"start":{"line":190,"column":10},"end":{"line":192,"column":86}},{"start":{"line":191,"column":15},"end":{"line":192,"column":86}}],"line":190},"27":{"loc":{"start":{"line":191,"column":15},"end":{"line":192,"column":86}},"type":"if","locations":[{"start":{"line":191,"column":15},"end":{"line":192,"column":86}},{"start":{"line":192,"column":15},"end":{"line":192,"column":86}}],"line":191},"28":{"loc":{"start":{"line":229,"column":4},"end":{"line":229,"column":103}},"type":"if","locations":[{"start":{"line":229,"column":4},"end":{"line":229,"column":103}},{"start":{},"end":{}}],"line":229},"29":{"loc":{"start":{"line":267,"column":4},"end":{"line":267,"column":82}},"type":"if","locations":[{"start":{"line":267,"column":4},"end":{"line":267,"column":82}},{"start":{},"end":{}}],"line":267}},"s":{"0":0,"1":0,"2":0,"3":0,"4":0,"5":0,"6":0,"7":0,"8":0,"9":0,"10":0,"11":0,"12":0,"13":0,"14":0,"15":0,"16":0,"17":0,"18":0,"19":0,"20":0,"21":0,"22":0,"23":0,"24":0,"25":0,"26":0,"27":0,"28":0,"29":0,"30":0,"31":0,"32":0,"33":0,"34":0,"35":0,"36":0,"37":0,"38":0,"39":0,"40":0,"41":0,"42":0,"43":0,"44":0,"45":0,"46":0,"47":0,"48":0,"49":0,"50":0,"51":0,"52":0,"53":0,"54":0,"55":0,"56":0,"57":0,"58":0,"59":0,"60":0,"61":0,"62":0,"63":0,"64":0,"65":0,"66":0,"67":0,"68":0,"69":0,"70":0,"71":0,"72":0,"73":0,"74":0,"75":0,"76":0,"77":0,"78":0,"79":0,"80":0,"81":0,"82":0,"83":0,"84":0,"85":0,"86":0,"87":0,"88":0,"89":0,"90":0,"91":0,"92":0,"93":0,"94":0,"95":0,"96":0,"97":0,"98":0,"99":0,"100":0,"101":0,"102":0,"103":0,"104":0,"105":0,"106":0,"107":0,"108":0,"109":0,"110":0,"111":0,"112":0,"113":0,"114":0,"115":0,"116":0,"117":0,"118":0,"119":0,"120":0,"121":0,"122":0,"123":0,"124":0,"125":0,"126":0,"127":0,"128":0,"129":0,"130":0,"131":0,"132":0,"133":0,"134":0,"135":0,"136":0,"137":0,"138":0,"139":0,"140":0,"141":0,"142":0,"143":0,"144":0,"145":0,"146":0,"147":0,"148":0,"149":0,"150":0,"151":0,"152":0,"153":0,"154":0,"155":0,"156":0,"157":0,"158":0,"159":0,"160":0,"161":0,"162":0,"163":0,"164":0,"165":0,"166":0,"167":0,"168":0,"169":0,"170":0,"171":0,"172":0,"173":0,"174":0},"f":{"0":0,"1":0,"2":0,"3":0,"4":0,"5":0,"6":0,"7":0,"8":0,"9":0,"10":0,"11":0,"12":0,"13":0,"14":0,"15":0,"16":0},"b":{"0":[0,0],"1":[0,0],"2":[0,0],"3":[0,0],"4":[0,0],"5":[0,0],"6":[0,0],"7":[0,0],"8":[0,0],"9":[0],"10":[0],"11":[0,0],"12":[0,0],"13":[0,0],"14":[0,0],"15":[0,0],"16":[0,0],"17":[0,0],"18":[0,0],"19":[0,0],"20":[0,0],"21":[0,0],"22":[0,0],"23":[0,0],"24":[0,0],"25":[0,0],"26":[0,0],"27":[0,0],"28":[0,0],"29":[0,0]}}
,"C:\\xampp\\htdocs\\PeruGym\\routes\\auth.js": {"path":"C:\\xampp\\htdocs\\PeruGym\\routes\\auth.js","statementMap":{"0":{"start":{"line":1,"column":15},"end":{"line":1,"column":42}},"1":{"start":{"line":2,"column":15},"end":{"line":2,"column":34}},"2":{"start":{"line":3,"column":12},"end":{"line":3,"column":35}},"3":{"start":{"line":4,"column":16},"end":{"line":4,"column":44}},"4":{"start":{"line":5,"column":37},"end":{"line":5,"column":66}},"5":{"start":{"line":6,"column":19},"end":{"line":6,"column":54}},"6":{"start":{"line":7,"column":18},"end":{"line":7,"column":46}},"7":{"start":{"line":15,"column":0},"end":{"line":22,"column":3}},"8":{"start":{"line":16,"column":2},"end":{"line":20,"column":5}},"9":{"start":{"line":21,"column":2},"end":{"line":21,"column":56}},"10":{"start":{"line":24,"column":0},"end":{"line":57,"column":3}},"11":{"start":{"line":25,"column":33},"end":{"line":25,"column":41}},"12":{"start":{"line":26,"column":2},"end":{"line":56,"column":65}},"13":{"start":{"line":28,"column":24},"end":{"line":28,"column":48}},"14":{"start":{"line":29,"column":24},"end":{"line":29,"column":45}},"15":{"start":{"line":30,"column":24},"end":{"line":30,"column":53}},"16":{"start":{"line":32,"column":4},"end":{"line":42,"column":5}},"17":{"start":{"line":33,"column":20},"end":{"line":33,"column":59}},"18":{"start":{"line":34,"column":6},"end":{"line":34,"column":83}},"19":{"start":{"line":34,"column":18},"end":{"line":34,"column":83}},"20":{"start":{"line":36,"column":20},"end":{"line":40,"column":7}},"21":{"start":{"line":41,"column":6},"end":{"line":41,"column":119}},"22":{"start":{"line":45,"column":17},"end":{"line":45,"column":75}},"23":{"start":{"line":46,"column":4},"end":{"line":48,"column":5}},"24":{"start":{"line":47,"column":6},"end":{"line":47,"column":71}},"25":{"start":{"line":49,"column":21},"end":{"line":49,"column":70}},"26":{"start":{"line":50,"column":18},"end":{"line":54,"column":5}},"27":{"start":{"line":55,"column":4},"end":{"line":55,"column":113}},"28":{"start":{"line":56,"column":18},"end":{"line":56,"column":63}},"29":{"start":{"line":59,"column":0},"end":{"line":72,"column":3}},"30":{"start":{"line":60,"column":2},"end":{"line":71,"column":65}},"31":{"start":{"line":61,"column":24},"end":{"line":61,"column":48}},"32":{"start":{"line":62,"column":18},"end":{"line":62,"column":81}},"33":{"start":{"line":63,"column":4},"end":{"line":70,"column":6}},"34":{"start":{"line":65,"column":21},"end":{"line":65,"column":46}},"35":{"start":{"line":66,"column":19},"end":{"line":69,"column":9}},"36":{"start":{"line":71,"column":18},"end":{"line":71,"column":63}},"37":{"start":{"line":74,"column":0},"end":{"line":92,"column":3}},"38":{"start":{"line":77,"column":42},"end":{"line":77,"column":50}},"39":{"start":{"line":78,"column":2},"end":{"line":80,"column":3}},"40":{"start":{"line":79,"column":4},"end":{"line":79,"column":88}},"41":{"start":{"line":81,"column":2},"end":{"line":91,"column":3}},"42":{"start":{"line":82,"column":17},"end":{"line":82,"column":48}},"43":{"start":{"line":83,"column":17},"end":{"line":83,"column":109}},"44":{"start":{"line":84,"column":4},"end":{"line":84,"column":109}},"45":{"start":{"line":86,"column":4},"end":{"line":89,"column":5}},"46":{"start":{"line":87,"column":20},"end":{"line":87,"column":75}},"47":{"start":{"line":88,"column":6},"end":{"line":88,"column":86}},"48":{"start":{"line":90,"column":4},"end":{"line":90,"column":49}},"49":{"start":{"line":94,"column":0},"end":{"line":115,"column":3}},"50":{"start":{"line":98,"column":40},"end":{"line":98,"column":48}},"51":{"start":{"line":99,"column":2},"end":{"line":114,"column":3}},"52":{"start":{"line":100,"column":19},"end":{"line":100,"column":81}},"53":{"start":{"line":101,"column":4},"end":{"line":103,"column":5}},"54":{"start":{"line":102,"column":6},"end":{"line":102,"column":85}},"55":{"start":{"line":104,"column":19},"end":{"line":104,"column":70}},"56":{"start":{"line":105,"column":17},"end":{"line":105,"column":107}},"57":{"start":{"line":106,"column":4},"end":{"line":106,"column":79}},"58":{"start":{"line":106,"column":15},"end":{"line":106,"column":79}},"59":{"start":{"line":107,"column":4},"end":{"line":107,"column":118}},"60":{"start":{"line":109,"column":4},"end":{"line":112,"column":5}},"61":{"start":{"line":110,"column":20},"end":{"line":110,"column":75}},"62":{"start":{"line":111,"column":6},"end":{"line":111,"column":86}},"63":{"start":{"line":113,"column":4},"end":{"line":113,"column":49}},"64":{"start":{"line":118,"column":0},"end":{"line":149,"column":3}},"65":{"start":{"line":119,"column":43},"end":{"line":119,"column":51}},"66":{"start":{"line":120,"column":2},"end":{"line":122,"column":3}},"67":{"start":{"line":121,"column":4},"end":{"line":121,"column":93}},"68":{"start":{"line":123,"column":2},"end":{"line":125,"column":3}},"69":{"start":{"line":124,"column":4},"end":{"line":124,"column":99}},"70":{"start":{"line":126,"column":2},"end":{"line":148,"column":65}},"71":{"start":{"line":127,"column":19},"end":{"line":127,"column":81}},"72":{"start":{"line":128,"column":4},"end":{"line":130,"column":5}},"73":{"start":{"line":129,"column":6},"end":{"line":129,"column":85}},"74":{"start":{"line":132,"column":4},"end":{"line":143,"column":5}},"75":{"start":{"line":134,"column":22},"end":{"line":134,"column":51}},"76":{"start":{"line":135,"column":6},"end":{"line":137,"column":7}},"77":{"start":{"line":136,"column":8},"end":{"line":136,"column":85}},"78":{"start":{"line":139,"column":20},"end":{"line":139,"column":55}},"79":{"start":{"line":140,"column":6},"end":{"line":142,"column":7}},"80":{"start":{"line":141,"column":8},"end":{"line":141,"column":85}},"81":{"start":{"line":144,"column":17},"end":{"line":144,"column":51}},"82":{"start":{"line":145,"column":17},"end":{"line":145,"column":98}},"83":{"start":{"line":146,"column":4},"end":{"line":146,"column":79}},"84":{"start":{"line":146,"column":15},"end":{"line":146,"column":79}},"85":{"start":{"line":147,"column":4},"end":{"line":147,"column":66}},"86":{"start":{"line":148,"column":18},"end":{"line":148,"column":63}},"87":{"start":{"line":151,"column":0},"end":{"line":161,"column":3}},"88":{"start":{"line":152,"column":2},"end":{"line":160,"column":65}},"89":{"start":{"line":153,"column":19},"end":{"line":153,"column":81}},"90":{"start":{"line":154,"column":4},"end":{"line":156,"column":5}},"91":{"start":{"line":155,"column":6},"end":{"line":155,"column":84}},"92":{"start":{"line":157,"column":17},"end":{"line":157,"column":63}},"93":{"start":{"line":158,"column":4},"end":{"line":158,"column":79}},"94":{"start":{"line":158,"column":15},"end":{"line":158,"column":79}},"95":{"start":{"line":159,"column":4},"end":{"line":159,"column":47}},"96":{"start":{"line":160,"column":18},"end":{"line":160,"column":63}},"97":{"start":{"line":163,"column":0},"end":{"line":169,"column":3}},"98":{"start":{"line":164,"column":23},"end":{"line":164,"column":31}},"99":{"start":{"line":165,"column":2},"end":{"line":168,"column":65}},"100":{"start":{"line":166,"column":4},"end":{"line":166,"column":65}},"101":{"start":{"line":167,"column":4},"end":{"line":167,"column":51}},"102":{"start":{"line":168,"column":18},"end":{"line":168,"column":63}},"103":{"start":{"line":171,"column":0},"end":{"line":171,"column":24}}},"fnMap":{"0":{"name":"(anonymous_0)","decl":{"start":{"line":15,"column":36},"end":{"line":15,"column":37}},"loc":{"start":{"line":15,"column":50},"end":{"line":22,"column":1}},"line":15},"1":{"name":"(anonymous_1)","decl":{"start":{"line":24,"column":22},"end":{"line":24,"column":23}},"loc":{"start":{"line":24,"column":42},"end":{"line":57,"column":1}},"line":24},"2":{"name":"(anonymous_2)","decl":{"start":{"line":59,"column":56},"end":{"line":59,"column":57}},"loc":{"start":{"line":59,"column":76},"end":{"line":72,"column":1}},"line":59},"3":{"name":"(anonymous_3)","decl":{"start":{"line":65,"column":16},"end":{"line":65,"column":17}},"loc":{"start":{"line":65,"column":21},"end":{"line":65,"column":46}},"line":65},"4":{"name":"(anonymous_4)","decl":{"start":{"line":66,"column":13},"end":{"line":66,"column":14}},"loc":{"start":{"line":66,"column":19},"end":{"line":69,"column":9}},"line":66},"5":{"name":"(anonymous_5)","decl":{"start":{"line":76,"column":38},"end":{"line":76,"column":39}},"loc":{"start":{"line":76,"column":58},"end":{"line":92,"column":1}},"line":76},"6":{"name":"(anonymous_6)","decl":{"start":{"line":97,"column":38},"end":{"line":97,"column":39}},"loc":{"start":{"line":97,"column":58},"end":{"line":115,"column":1}},"line":97},"7":{"name":"(anonymous_7)","decl":{"start":{"line":118,"column":69},"end":{"line":118,"column":70}},"loc":{"start":{"line":118,"column":89},"end":{"line":149,"column":1}},"line":118},"8":{"name":"(anonymous_8)","decl":{"start":{"line":151,"column":63},"end":{"line":151,"column":64}},"loc":{"start":{"line":151,"column":83},"end":{"line":161,"column":1}},"line":151},"9":{"name":"(anonymous_9)","decl":{"start":{"line":163,"column":69},"end":{"line":163,"column":70}},"loc":{"start":{"line":163,"column":89},"end":{"line":169,"column":1}},"line":163}},"branchMap":{"0":{"loc":{"start":{"line":32,"column":4},"end":{"line":42,"column":5}},"type":"if","locations":[{"start":{"line":32,"column":4},"end":{"line":42,"column":5}},{"start":{},"end":{}}],"line":32},"1":{"loc":{"start":{"line":32,"column":8},"end":{"line":32,"column":58}},"type":"binary-expr","locations":[{"start":{"line":32,"column":8},"end":{"line":32,"column":19}},{"start":{"line":32,"column":23},"end":{"line":32,"column":30}},{"start":{"line":32,"column":34},"end":{"line":32,"column":58}}],"line":32},"2":{"loc":{"start":{"line":34,"column":6},"end":{"line":34,"column":83}},"type":"if","locations":[{"start":{"line":34,"column":6},"end":{"line":34,"column":83}},{"start":{},"end":{}}],"line":34},"3":{"loc":{"start":{"line":39,"column":21},"end":{"line":39,"column":55}},"type":"binary-expr","locations":[{"start":{"line":39,"column":21},"end":{"line":39,"column":47}},{"start":{"line":39,"column":51},"end":{"line":39,"column":55}}],"line":39},"4":{"loc":{"start":{"line":46,"column":4},"end":{"line":48,"column":5}},"type":"if","locations":[{"start":{"line":46,"column":4},"end":{"line":48,"column":5}},{"start":{},"end":{}}],"line":46},"5":{"loc":{"start":{"line":46,"column":8},"end":{"line":46,"column":65}},"type":"binary-expr","locations":[{"start":{"line":46,"column":8},"end":{"line":46,"column":13}},{"start":{"line":46,"column":17},"end":{"line":46,"column":65}}],"line":46},"6":{"loc":{"start":{"line":49,"column":21},"end":{"line":49,"column":70}},"type":"cond-expr","locations":[{"start":{"line":49,"column":44},"end":{"line":49,"column":46}},{"start":{"line":49,"column":50},"end":{"line":49,"column":69}}],"line":49},"7":{"loc":{"start":{"line":49,"column":50},"end":{"line":49,"column":69}},"type":"binary-expr","locations":[{"start":{"line":49,"column":50},"end":{"line":49,"column":63}},{"start":{"line":49,"column":67},"end":{"line":49,"column":69}}],"line":49},"8":{"loc":{"start":{"line":53,"column":19},"end":{"line":53,"column":53}},"type":"binary-expr","locations":[{"start":{"line":53,"column":19},"end":{"line":53,"column":45}},{"start":{"line":53,"column":49},"end":{"line":53,"column":53}}],"line":53},"9":{"loc":{"start":{"line":78,"column":2},"end":{"line":80,"column":3}},"type":"if","locations":[{"start":{"line":78,"column":2},"end":{"line":80,"column":3}},{"start":{},"end":{}}],"line":78},"10":{"loc":{"start":{"line":78,"column":6},"end":{"line":78,"column":34}},"type":"binary-expr","locations":[{"start":{"line":78,"column":6},"end":{"line":78,"column":11}},{"start":{"line":78,"column":15},"end":{"line":78,"column":21}},{"start":{"line":78,"column":25},"end":{"line":78,"column":34}}],"line":78},"11":{"loc":{"start":{"line":83,"column":83},"end":{"line":83,"column":106}},"type":"binary-expr","locations":[{"start":{"line":83,"column":83},"end":{"line":83,"column":87}},{"start":{"line":83,"column":91},"end":{"line":83,"column":106}}],"line":83},"12":{"loc":{"start":{"line":86,"column":4},"end":{"line":89,"column":5}},"type":"if","locations":[{"start":{"line":86,"column":4},"end":{"line":89,"column":5}},{"start":{},"end":{}}],"line":86},"13":{"loc":{"start":{"line":87,"column":20},"end":{"line":87,"column":75}},"type":"cond-expr","locations":[{"start":{"line":87,"column":46},"end":{"line":87,"column":65}},{"start":{"line":87,"column":68},"end":{"line":87,"column":75}}],"line":87},"14":{"loc":{"start":{"line":101,"column":4},"end":{"line":103,"column":5}},"type":"if","locations":[{"start":{"line":101,"column":4},"end":{"line":103,"column":5}},{"start":{},"end":{}}],"line":101},"15":{"loc":{"start":{"line":101,"column":8},"end":{"line":101,"column":61}},"type":"binary-expr","locations":[{"start":{"line":101,"column":8},"end":{"line":101,"column":14}},{"start":{"line":101,"column":18},"end":{"line":101,"column":61}}],"line":101},"16":{"loc":{"start":{"line":106,"column":4},"end":{"line":106,"column":79}},"type":"if","locations":[{"start":{"line":106,"column":4},"end":{"line":106,"column":79}},{"start":{},"end":{}}],"line":106},"17":{"loc":{"start":{"line":109,"column":4},"end":{"line":112,"column":5}},"type":"if","locations":[{"start":{"line":109,"column":4},"end":{"line":112,"column":5}},{"start":{},"end":{}}],"line":109},"18":{"loc":{"start":{"line":110,"column":20},"end":{"line":110,"column":75}},"type":"cond-expr","locations":[{"start":{"line":110,"column":46},"end":{"line":110,"column":65}},{"start":{"line":110,"column":68},"end":{"line":110,"column":75}}],"line":110},"19":{"loc":{"start":{"line":120,"column":2},"end":{"line":122,"column":3}},"type":"if","locations":[{"start":{"line":120,"column":2},"end":{"line":122,"column":3}},{"start":{},"end":{}}],"line":120},"20":{"loc":{"start":{"line":120,"column":6},"end":{"line":120,"column":38}},"type":"binary-expr","locations":[{"start":{"line":120,"column":6},"end":{"line":120,"column":22}},{"start":{"line":120,"column":26},"end":{"line":120,"column":38}}],"line":120},"21":{"loc":{"start":{"line":123,"column":2},"end":{"line":125,"column":3}},"type":"if","locations":[{"start":{"line":123,"column":2},"end":{"line":125,"column":3}},{"start":{},"end":{}}],"line":123},"22":{"loc":{"start":{"line":128,"column":4},"end":{"line":130,"column":5}},"type":"if","locations":[{"start":{"line":128,"column":4},"end":{"line":130,"column":5}},{"start":{},"end":{}}],"line":128},"23":{"loc":{"start":{"line":128,"column":8},"end":{"line":128,"column":61}},"type":"binary-expr","locations":[{"start":{"line":128,"column":8},"end":{"line":128,"column":14}},{"start":{"line":128,"column":18},"end":{"line":128,"column":61}}],"line":128},"24":{"loc":{"start":{"line":132,"column":4},"end":{"line":143,"column":5}},"type":"if","locations":[{"start":{"line":132,"column":4},"end":{"line":143,"column":5}},{"start":{"line":138,"column":11},"end":{"line":143,"column":5}}],"line":132},"25":{"loc":{"start":{"line":135,"column":6},"end":{"line":137,"column":7}},"type":"if","locations":[{"start":{"line":135,"column":6},"end":{"line":137,"column":7}},{"start":{},"end":{}}],"line":135},"26":{"loc":{"start":{"line":135,"column":10},"end":{"line":135,"column":71}},"type":"binary-expr","locations":[{"start":{"line":135,"column":10},"end":{"line":135,"column":18}},{"start":{"line":135,"column":22},"end":{"line":135,"column":71}}],"line":135},"27":{"loc":{"start":{"line":140,"column":6},"end":{"line":142,"column":7}},"type":"if","locations":[{"start":{"line":140,"column":6},"end":{"line":142,"column":7}},{"start":{},"end":{}}],"line":140},"28":{"loc":{"start":{"line":140,"column":10},"end":{"line":140,"column":76}},"type":"binary-expr","locations":[{"start":{"line":140,"column":10},"end":{"line":140,"column":16}},{"start":{"line":140,"column":20},"end":{"line":140,"column":76}}],"line":140},"29":{"loc":{"start":{"line":146,"column":4},"end":{"line":146,"column":79}},"type":"if","locations":[{"start":{"line":146,"column":4},"end":{"line":146,"column":79}},{"start":{},"end":{}}],"line":146},"30":{"loc":{"start":{"line":154,"column":4},"end":{"line":156,"column":5}},"type":"if","locations":[{"start":{"line":154,"column":4},"end":{"line":156,"column":5}},{"start":{},"end":{}}],"line":154},"31":{"loc":{"start":{"line":154,"column":8},"end":{"line":154,"column":61}},"type":"binary-expr","locations":[{"start":{"line":154,"column":8},"end":{"line":154,"column":14}},{"start":{"line":154,"column":18},"end":{"line":154,"column":61}}],"line":154},"32":{"loc":{"start":{"line":158,"column":4},"end":{"line":158,"column":79}},"type":"if","locations":[{"start":{"line":158,"column":4},"end":{"line":158,"column":79}},{"start":{},"end":{}}],"line":158}},"s":{"0":0,"1":0,"2":0,"3":0,"4":0,"5":0,"6":0,"7":0,"8":0,"9":0,"10":0,"11":0,"12":0,"13":0,"14":0,"15":0,"16":0,"17":0,"18":0,"19":0,"20":0,"21":0,"22":0,"23":0,"24":0,"25":0,"26":0,"27":0,"28":0,"29":0,"30":0,"31":0,"32":0,"33":0,"34":0,"35":0,"36":0,"37":0,"38":0,"39":0,"40":0,"41":0,"42":0,"43":0,"44":0,"45":0,"46":0,"47":0,"48":0,"49":0,"50":0,"51":0,"52":0,"53":0,"54":0,"55":0,"56":0,"57":0,"58":0,"59":0,"60":0,"61":0,"62":0,"63":0,"64":0,"65":0,"66":0,"67":0,"68":0,"69":0,"70":0,"71":0,"72":0,"73":0,"74":0,"75":0,"76":0,"77":0,"78":0,"79":0,"80":0,"81":0,"82":0,"83":0,"84":0,"85":0,"86":0,"87":0,"88":0,"89":0,"90":0,"91":0,"92":0,"93":0,"94":0,"95":0,"96":0,"97":0,"98":0,"99":0,"100":0,"101":0,"102":0,"103":0},"f":{"0":0,"1":0,"2":0,"3":0,"4":0,"5":0,"6":0,"7":0,"8":0,"9":0},"b":{"0":[0,0],"1":[0,0,0],"2":[0,0],"3":[0,0],"4":[0,0],"5":[0,0],"6":[0,0],"7":[0,0],"8":[0,0],"9":[0,0],"10":[0,0,0],"11":[0,0],"12":[0,0],"13":[0,0],"14":[0,0],"15":[0,0],"16":[0,0],"17":[0,0],"18":[0,0],"19":[0,0],"20":[0,0],"21":[0,0],"22":[0,0],"23":[0,0],"24":[0,0],"25":[0,0],"26":[0,0],"27":[0,0],"28":[0,0],"29":[0,0],"30":[0,0],"31":[0,0],"32":[0,0]}}
,"C:\\xampp\\htdocs\\PeruGym\\routes\\caja.js": {"path":"C:\\xampp\\htdocs\\PeruGym\\routes\\caja.js","statementMap":{"0":{"start":{"line":1,"column":15},"end":{"line":1,"column":42}},"1":{"start":{"line":2,"column":13},"end":{"line":2,"column":38}},"2":{"start":{"line":3,"column":13},"end":{"line":3,"column":38}},"3":{"start":{"line":4,"column":14},"end":{"line":4,"column":40}},"4":{"start":{"line":5,"column":23},"end":{"line":5,"column":58}},"5":{"start":{"line":6,"column":24},"end":{"line":6,"column":53}},"6":{"start":{"line":7,"column":25},"end":{"line":7,"column":62}},"7":{"start":{"line":8,"column":20},"end":{"line":8,"column":54}},"8":{"start":{"line":9,"column":27},"end":{"line":9,"column":65}},"9":{"start":{"line":11,"column":0},"end":{"line":11,"column":24}},"10":{"start":{"line":13,"column":0},"end":{"line":36,"column":3}},"11":{"start":{"line":14,"column":2},"end":{"line":35,"column":65}},"12":{"start":{"line":15,"column":17},"end":{"line":17,"column":29}},"13":{"start":{"line":18,"column":4},"end":{"line":18,"column":37}},"14":{"start":{"line":18,"column":15},"end":{"line":18,"column":37}},"15":{"start":{"line":21,"column":17},"end":{"line":24,"column":6}},"16":{"start":{"line":25,"column":29},"end":{"line":25,"column":76}},"17":{"start":{"line":25,"column":44},"end":{"line":25,"column":63}},"18":{"start":{"line":26,"column":29},"end":{"line":26,"column":76}},"19":{"start":{"line":26,"column":44},"end":{"line":26,"column":62}},"20":{"start":{"line":28,"column":4},"end":{"line":34,"column":7}},"21":{"start":{"line":35,"column":18},"end":{"line":35,"column":63}},"22":{"start":{"line":38,"column":0},"end":{"line":77,"column":3}},"23":{"start":{"line":39,"column":35},"end":{"line":39,"column":44}},"24":{"start":{"line":40,"column":2},"end":{"line":76,"column":65}},"25":{"start":{"line":41,"column":18},"end":{"line":41,"column":45}},"26":{"start":{"line":42,"column":18},"end":{"line":46,"column":29}},"27":{"start":{"line":48,"column":17},"end":{"line":73,"column":7}},"28":{"start":{"line":49,"column":26},"end":{"line":52,"column":8}},"29":{"start":{"line":53,"column":29},"end":{"line":57,"column":8}},"30":{"start":{"line":58,"column":19},"end":{"line":61,"column":8}},"31":{"start":{"line":62,"column":31},"end":{"line":62,"column":78}},"32":{"start":{"line":62,"column":46},"end":{"line":62,"column":65}},"33":{"start":{"line":63,"column":31},"end":{"line":63,"column":78}},"34":{"start":{"line":63,"column":46},"end":{"line":63,"column":64}},"35":{"start":{"line":64,"column":6},"end":{"line":72,"column":8}},"36":{"start":{"line":75,"column":4},"end":{"line":75,"column":85}},"37":{"start":{"line":76,"column":18},"end":{"line":76,"column":63}},"38":{"start":{"line":79,"column":0},"end":{"line":89,"column":4}},"39":{"start":{"line":80,"column":35},"end":{"line":80,"column":43}},"40":{"start":{"line":82,"column":15},"end":{"line":86,"column":4}},"41":{"start":{"line":88,"column":2},"end":{"line":88,"column":29}},"42":{"start":{"line":91,"column":0},"end":{"line":100,"column":4}},"43":{"start":{"line":92,"column":33},"end":{"line":92,"column":41}},"44":{"start":{"line":94,"column":15},"end":{"line":97,"column":4}},"45":{"start":{"line":99,"column":2},"end":{"line":99,"column":17}},"46":{"start":{"line":102,"column":0},"end":{"line":153,"column":3}},"47":{"start":{"line":103,"column":2},"end":{"line":152,"column":65}},"48":{"start":{"line":104,"column":18},"end":{"line":107,"column":31}},"49":{"start":{"line":109,"column":19},"end":{"line":112,"column":32}},"50":{"start":{"line":114,"column":24},"end":{"line":116,"column":26}},"51":{"start":{"line":118,"column":22},"end":{"line":123,"column":7}},"52":{"start":{"line":118,"column":38},"end":{"line":123,"column":5}},"53":{"start":{"line":126,"column":23},"end":{"line":126,"column":25}},"54":{"start":{"line":127,"column":4},"end":{"line":143,"column":5}},"55":{"start":{"line":128,"column":6},"end":{"line":142,"column":7}},"56":{"start":{"line":129,"column":8},"end":{"line":141,"column":11}},"57":{"start":{"line":145,"column":28},"end":{"line":149,"column":7}},"58":{"start":{"line":145,"column":50},"end":{"line":149,"column":5}},"59":{"start":{"line":151,"column":4},"end":{"line":151,"column":85}},"60":{"start":{"line":152,"column":18},"end":{"line":152,"column":63}},"61":{"start":{"line":158,"column":0},"end":{"line":169,"column":4}},"62":{"start":{"line":159,"column":36},"end":{"line":159,"column":44}},"63":{"start":{"line":161,"column":14},"end":{"line":166,"column":4}},"64":{"start":{"line":168,"column":2},"end":{"line":168,"column":59}},"65":{"start":{"line":172,"column":0},"end":{"line":179,"column":3}},"66":{"start":{"line":173,"column":2},"end":{"line":178,"column":65}},"67":{"start":{"line":174,"column":17},"end":{"line":176,"column":26}},"68":{"start":{"line":177,"column":4},"end":{"line":177,"column":101}},"69":{"start":{"line":177,"column":28},"end":{"line":177,"column":97}},"70":{"start":{"line":178,"column":18},"end":{"line":178,"column":63}},"71":{"start":{"line":182,"column":0},"end":{"line":190,"column":3}},"72":{"start":{"line":183,"column":2},"end":{"line":189,"column":65}},"73":{"start":{"line":184,"column":17},"end":{"line":184,"column":82}},"74":{"start":{"line":185,"column":4},"end":{"line":185,"column":113}},"75":{"start":{"line":185,"column":15},"end":{"line":185,"column":113}},"76":{"start":{"line":186,"column":16},"end":{"line":186,"column":108}},"77":{"start":{"line":187,"column":4},"end":{"line":187,"column":81}},"78":{"start":{"line":187,"column":14},"end":{"line":187,"column":81}},"79":{"start":{"line":188,"column":4},"end":{"line":188,"column":27}},"80":{"start":{"line":189,"column":18},"end":{"line":189,"column":63}},"81":{"start":{"line":192,"column":0},"end":{"line":192,"column":24}}},"fnMap":{"0":{"name":"(anonymous_0)","decl":{"start":{"line":13,"column":22},"end":{"line":13,"column":23}},"loc":{"start":{"line":13,"column":42},"end":{"line":36,"column":1}},"line":13},"1":{"name":"(anonymous_1)","decl":{"start":{"line":25,"column":39},"end":{"line":25,"column":40}},"loc":{"start":{"line":25,"column":44},"end":{"line":25,"column":63}},"line":25},"2":{"name":"(anonymous_2)","decl":{"start":{"line":26,"column":39},"end":{"line":26,"column":40}},"loc":{"start":{"line":26,"column":44},"end":{"line":26,"column":62}},"line":26},"3":{"name":"(anonymous_3)","decl":{"start":{"line":38,"column":16},"end":{"line":38,"column":17}},"loc":{"start":{"line":38,"column":36},"end":{"line":77,"column":1}},"line":38},"4":{"name":"(anonymous_4)","decl":{"start":{"line":48,"column":45},"end":{"line":48,"column":46}},"loc":{"start":{"line":48,"column":58},"end":{"line":73,"column":5}},"line":48},"5":{"name":"(anonymous_5)","decl":{"start":{"line":62,"column":41},"end":{"line":62,"column":42}},"loc":{"start":{"line":62,"column":46},"end":{"line":62,"column":65}},"line":62},"6":{"name":"(anonymous_6)","decl":{"start":{"line":63,"column":41},"end":{"line":63,"column":42}},"loc":{"start":{"line":63,"column":46},"end":{"line":63,"column":64}},"line":63},"7":{"name":"(anonymous_7)","decl":{"start":{"line":79,"column":35},"end":{"line":79,"column":36}},"loc":{"start":{"line":79,"column":55},"end":{"line":89,"column":1}},"line":79},"8":{"name":"(anonymous_8)","decl":{"start":{"line":91,"column":39},"end":{"line":91,"column":40}},"loc":{"start":{"line":91,"column":59},"end":{"line":100,"column":1}},"line":91},"9":{"name":"(anonymous_9)","decl":{"start":{"line":102,"column":27},"end":{"line":102,"column":28}},"loc":{"start":{"line":102,"column":47},"end":{"line":153,"column":1}},"line":102},"10":{"name":"(anonymous_10)","decl":{"start":{"line":118,"column":32},"end":{"line":118,"column":33}},"loc":{"start":{"line":118,"column":38},"end":{"line":123,"column":5}},"line":118},"11":{"name":"(anonymous_11)","decl":{"start":{"line":145,"column":44},"end":{"line":145,"column":45}},"loc":{"start":{"line":145,"column":50},"end":{"line":149,"column":5}},"line":145},"12":{"name":"(anonymous_12)","decl":{"start":{"line":158,"column":45},"end":{"line":158,"column":46}},"loc":{"start":{"line":158,"column":65},"end":{"line":169,"column":1}},"line":158},"13":{"name":"(anonymous_13)","decl":{"start":{"line":172,"column":31},"end":{"line":172,"column":32}},"loc":{"start":{"line":172,"column":51},"end":{"line":179,"column":1}},"line":172},"14":{"name":"(anonymous_14)","decl":{"start":{"line":177,"column":22},"end":{"line":177,"column":23}},"loc":{"start":{"line":177,"column":28},"end":{"line":177,"column":97}},"line":177},"15":{"name":"(anonymous_15)","decl":{"start":{"line":182,"column":45},"end":{"line":182,"column":46}},"loc":{"start":{"line":182,"column":65},"end":{"line":190,"column":1}},"line":182}},"branchMap":{"0":{"loc":{"start":{"line":18,"column":4},"end":{"line":18,"column":37}},"type":"if","locations":[{"start":{"line":18,"column":4},"end":{"line":18,"column":37}},{"start":{},"end":{}}],"line":18},"1":{"loc":{"start":{"line":25,"column":29},"end":{"line":25,"column":76}},"type":"binary-expr","locations":[{"start":{"line":25,"column":29},"end":{"line":25,"column":71}},{"start":{"line":25,"column":75},"end":{"line":25,"column":76}}],"line":25},"2":{"loc":{"start":{"line":26,"column":29},"end":{"line":26,"column":76}},"type":"binary-expr","locations":[{"start":{"line":26,"column":29},"end":{"line":26,"column":70}},{"start":{"line":26,"column":75},"end":{"line":26,"column":76}}],"line":26},"3":{"loc":{"start":{"line":39,"column":10},"end":{"line":39,"column":18}},"type":"default-arg","locations":[{"start":{"line":39,"column":17},"end":{"line":39,"column":18}}],"line":39},"4":{"loc":{"start":{"line":39,"column":20},"end":{"line":39,"column":30}},"type":"default-arg","locations":[{"start":{"line":39,"column":28},"end":{"line":39,"column":30}}],"line":39},"5":{"loc":{"start":{"line":62,"column":31},"end":{"line":62,"column":78}},"type":"binary-expr","locations":[{"start":{"line":62,"column":31},"end":{"line":62,"column":73}},{"start":{"line":62,"column":77},"end":{"line":62,"column":78}}],"line":62},"6":{"loc":{"start":{"line":63,"column":31},"end":{"line":63,"column":78}},"type":"binary-expr","locations":[{"start":{"line":63,"column":31},"end":{"line":63,"column":72}},{"start":{"line":63,"column":77},"end":{"line":63,"column":78}}],"line":63},"7":{"loc":{"start":{"line":68,"column":29},"end":{"line":68,"column":55}},"type":"binary-expr","locations":[{"start":{"line":68,"column":29},"end":{"line":68,"column":50}},{"start":{"line":68,"column":54},"end":{"line":68,"column":55}}],"line":68},"8":{"loc":{"start":{"line":69,"column":25},"end":{"line":69,"column":54}},"type":"binary-expr","locations":[{"start":{"line":69,"column":25},"end":{"line":69,"column":49}},{"start":{"line":69,"column":53},"end":{"line":69,"column":54}}],"line":69},"9":{"loc":{"start":{"line":135,"column":23},"end":{"line":135,"column":50}},"type":"binary-expr","locations":[{"start":{"line":135,"column":23},"end":{"line":135,"column":36}},{"start":{"line":135,"column":40},"end":{"line":135,"column":50}}],"line":135},"10":{"loc":{"start":{"line":185,"column":4},"end":{"line":185,"column":113}},"type":"if","locations":[{"start":{"line":185,"column":4},"end":{"line":185,"column":113}},{"start":{},"end":{}}],"line":185},"11":{"loc":{"start":{"line":187,"column":4},"end":{"line":187,"column":81}},"type":"if","locations":[{"start":{"line":187,"column":4},"end":{"line":187,"column":81}},{"start":{},"end":{}}],"line":187}},"s":{"0":0,"1":0,"2":0,"3":0,"4":0,"5":0,"6":0,"7":0,"8":0,"9":0,"10":0,"11":0,"12":0,"13":0,"14":0,"15":0
[...]
end":{"line":171,"column":5}},"41":{"start":{"line":168,"column":6},"end":{"line":170,"column":8}},"42":{"start":{"line":173,"column":4},"end":{"line":173,"column":32}},"43":{"start":{"line":174,"column":4},"end":{"line":174,"column":34}},"44":{"start":{"line":176,"column":4},"end":{"line":176,"column":21}},"45":{"start":{"line":190,"column":16},"end":{"line":192,"column":23}},"46":{"start":{"line":194,"column":4},"end":{"line":196,"column":5}},"47":{"start":{"line":195,"column":6},"end":{"line":195,"column":58}},"48":{"start":{"line":198,"column":4},"end":{"line":202,"column":5}},"49":{"start":{"line":199,"column":6},"end":{"line":201,"column":8}},"50":{"start":{"line":205,"column":23},"end":{"line":208,"column":23}},"51":{"start":{"line":210,"column":4},"end":{"line":212,"column":5}},"52":{"start":{"line":211,"column":6},"end":{"line":211,"column":75}},"53":{"start":{"line":215,"column":19},"end":{"line":215,"column":29}},"54":{"start":{"line":216,"column":16},"end":{"line":216,"column":32}},"55":{"start":{"line":217,"column":4},"end":{"line":217,"column":59}},"56":{"start":{"line":218,"column":28},"end":{"line":218,"column":80}},"57":{"start":{"line":221,"column":20},"end":{"line":230,"column":5}},"58":{"start":{"line":232,"column":4},"end":{"line":232,"column":17}},"59":{"start":{"line":236,"column":0},"end":{"line":236,"column":34}}},"fnMap":{"0":{"name":"(anonymous_0)","decl":{"start":{"line":13,"column":2},"end":{"line":13,"column":3}},"loc":{"start":{"line":13,"column":28},"end":{"line":19,"column":3}},"line":13},"1":{"name":"(anonymous_1)","decl":{"start":{"line":27,"column":2},"end":{"line":27,"column":3}},"loc":{"start":{"line":27,"column":56},"end":{"line":34,"column":3}},"line":27},"2":{"name":"(anonymous_2)","decl":{"start":{"line":48,"column":2},"end":{"line":48,"column":3}},"loc":{"start":{"line":48,"column":36},"end":{"line":87,"column":3}},"line":48},"3":{"name":"(anonymous_3)","decl":{"start":{"line":101,"column":2},"end":{"line":101,"column":3}},"loc":{"start":{"line":101,"column":55},"end":{"line":149,"column":3}},"line":101},"4":{"name":"(anonymous_4)","decl":{"start":{"line":159,"column":2},"end":{"line":159,"column":3}},"loc":{"start":{"line":159,"column":61},"end":{"line":177,"column":3}},"line":159},"5":{"name":"(anonymous_5)","decl":{"start":{"line":188,"column":2},"end":{"line":188,"column":3}},"loc":{"start":{"line":188,"column":58},"end":{"line":233,"column":3}},"line":188}},"branchMap":{"0":{"loc":{"start":{"line":49,"column":47},"end":{"line":49,"column":69}},"type":"default-arg","locations":[{"start":{"line":49,"column":61},"end":{"line":49,"column":69}}],"line":49},"1":{"loc":{"start":{"line":53,"column":4},"end":{"line":58,"column":5}},"type":"if","locations":[{"start":{"line":53,"column":4},"end":{"line":58,"column":5}},{"start":{},"end":{}}],"line":53},"2":{"loc":{"start":{"line":62,"column":4},"end":{"line":64,"column":5}},"type":"if","locations":[{"start":{"line":62,"column":4},"end":{"line":64,"column":5}},{"start":{},"end":{}}],"line":62},"3":{"loc":{"start":{"line":67,"column":19},"end":{"line":67,"column":69}},"type":"cond-expr","locations":[{"start":{"line":67,"column":34},"end":{"line":67,"column":56}},{"start":{"line":67,"column":59},"end":{"line":67,"column":69}}],"line":67},"4":{"loc":{"start":{"line":72,"column":28},"end":{"line":72,"column":80}},"type":"cond-expr","locations":[{"start":{"line":72,"column":58},"end":{"line":72,"column":69}},{"start":{"line":72,"column":72},"end":{"line":72,"column":80}}],"line":72},"5":{"loc":{"start":{"line":102,"column":35},"end":{"line":102,"column":57}},"type":"default-arg","locations":[{"start":{"line":102,"column":49},"end":{"line":102,"column":57}}],"line":102},"6":{"loc":{"start":{"line":106,"column":4},"end":{"line":108,"column":5}},"type":"if","locations":[{"start":{"line":106,"column":4},"end":{"line":108,"column":5}},{"start":{},"end":{}}],"line":106},"7":{"loc":{"start":{"line":111,"column":4},"end":{"line":115,"column":5}},"type":"if","locations":[{"start":{"line":111,"column":4},"end":{"line":115,"column":5}},{"start":{},"end":{}}],"line":111},"8":{"loc":{"start":{"line":111,"column":8},"end":{"line":111,"column":61}},"type":"binary-expr","locations":[{"start":{"line":111,"column":8},"end":{"line":111,"column":31}},{"start":{"line":111,"column":35},"end":{"line":111,"column":61}}],"line":111},"9":{"loc":{"start":{"line":119,"column":4},"end":{"line":121,"column":5}},"type":"if","locations":[{"start":{"line":119,"column":4},"end":{"line":121,"column":5}},{"start":{},"end":{}}],"line":119},"10":{"loc":{"start":{"line":131,"column":19},"end":{"line":131,"column":69}},"type":"cond-expr","locations":[{"start":{"line":131,"column":34},"end":{"line":131,"column":56}},{"start":{"line":131,"column":59},"end":{"line":131,"column":69}}],"line":131},"11":{"loc":{"start":{"line":134,"column":28},"end":{"line":134,"column":80}},"type":"cond-expr","locations":[{"start":{"line":134,"column":58},"end":{"line":134,"column":69}},{"start":{"line":134,"column":72},"end":{"line":134,"column":80}}],"line":134},"12":{"loc":{"start":{"line":159,"column":45},"end":{"line":159,"column":59}},"type":"default-arg","locations":[{"start":{"line":159,"column":55},"end":{"line":159,"column":59}}],"line":159},"13":{"loc":{"start":{"line":160,"column":20},"end":{"line":160,"column":68}},"type":"cond-expr","locations":[{"start":{"line":160,"column":30},"end":{"line":160,"column":52}},{"start":{"line":160,"column":55},"end":{"line":160,"column":68}}],"line":160},"14":{"loc":{"start":{"line":163,"column":4},"end":{"line":165,"column":5}},"type":"if","locations":[{"start":{"line":163,"column":4},"end":{"line":165,"column":5}},{"start":{},"end":{}}],"line":163},"15":{"loc":{"start":{"line":167,"column":4},"end":{"line":171,"column":5}},"type":"if","locations":[{"start":{"line":167,"column":4},"end":{"line":171,"column":5}},{"start":{},"end":{}}],"line":167},"16":{"loc":{"start":{"line":194,"column":4},"end":{"line":196,"column":5}},"type":"if","locations":[{"start":{"line":194,"column":4},"end":{"line":196,"column":5}},{"start":{},"end":{}}],"line":194},"17":{"loc":{"start":{"line":198,"column":4},"end":{"line":202,"column":5}},"type":"if","locations":[{"start":{"line":198,"column":4},"end":{"line":202,"column":5}},{"start":{},"end":{}}],"line":198},"18":{"loc":{"start":{"line":210,"column":4},"end":{"line":212,"column":5}},"type":"if","locations":[{"start":{"line":210,"column":4},"end":{"line":212,"column":5}},{"start":{},"end":{}}],"line":210},"19":{"loc":{"start":{"line":218,"column":28},"end":{"line":218,"column":80}},"type":"cond-expr","locations":[{"start":{"line":218,"column":58},"end":{"line":218,"column":69}},{"start":{"line":218,"column":72},"end":{"line":218,"column":80}}],"line":218}},"s":{"0":3,"1":3,"2":3,"3":3,"4":3,"5":29,"6":29,"7":27,"8":27,"9":27,"10":3,"11":24,"12":24,"13":3,"14":21,"15":21,"16":21,"17":21,"18":21,"19":21,"20":10,"21":10,"22":10,"23":2,"24":8,"25":2,"26":6,"27":6,"28":0,"29":6,"30":4,"31":4,"32":4,"33":4,"34":4,"35":4,"36":3,"37":3,"38":3,"39":0,"40":3,"41":2,"42":1,"43":1,"44":1,"45":7,"46":7,"47":0,"48":7,"49":2,"50":5,"51":5,"52":2,"53":3,"54":3,"55":3,"56":3,"57":3,"58":3,"59":3},"f":{"0":3,"1":29,"2":27,"3":10,"4":3,"5":7},"b":{"0":[0],"1":[3,24],"2":[3,21],"3":[1,20],"4":[2,19],"5":[0],"6":[2,8],"7":[2,6],"8":[8,2],"9":[0,6],"10":[0,4],"11":[0,4],"12":[0],"13":[3,0],"14":[0,3],"15":[2,1],"16":[0,7],"17":[2,5],"18":[2,3],"19":[0,3]},"_coverageSchema":"1a1c01bbd47fc00a2c39e90264f33305004495a9","hash":"05232ad75889ef562367362c0d41089e6d14d04c"}
,"C:\\xampp\\htdocs\\PeruGym\\services\\StockService.js": {"path":"C:\\xampp\\htdocs\\PeruGym\\services\\StockService.js","statementMap":{"0":{"start":{"line":1,"column":17},"end":{"line":1,"column":46}},"1":{"start":{"line":2,"column":26},"end":{"line":2,"column":68}},"2":{"start":{"line":18,"column":21},"end":{"line":26,"column":5}},"3":{"start":{"line":28,"column":4},"end":{"line":41,"column":5}},"4":{"start":{"line":30,"column":21},"end":{"line":32,"column":25}},"5":{"start":{"line":34,"column":6},"end":{"line":36,"column":7}},"6":{"start":{"line":35,"column":8},"end":{"line":35,"column":70}},"7":{"start":{"line":37,"column":6},"end":{"line":40,"column":8}},"8":{"start":{"line":43,"column":4},"end":{"line":43,"column":20}},"9":{"start":{"line":54,"column":4},"end":{"line":58,"column":6}},"10":{"start":{"line":68,"column":22},"end":{"line":68,"column":24}},"11":{"start":{"line":70,"column":4},"end":{"line":83,"column":5}},"12":{"start":{"line":71,"column":23},"end":{"line":75,"column":7}},"13":{"start":{"line":77,"column":6},"end":{"line":82,"column":9}},"14":{"start":{"line":85,"column":4},"end":{"line":85,"column":21}},"15":{"start":{"line":94,"column":4},"end":{"line":96,"column":6}},"16":{"start":{"line":95,"column":24},"end":{"line":95,"column":84}},"17":{"start":{"line":100,"column":0},"end":{"line":100,"column":30}}},"fnMap":{"0":{"name":"(anonymous_0)","decl":{"start":{"line":16,"column":2},"end":{"line":16,"column":3}},"loc":{"start":{"line":16,"column":61},"end":{"line":44,"column":3}},"line":16},"1":{"name":"(anonymous_1)","decl":{"start":{"line":53,"column":2},"end":{"line":53,"column":3}},"loc":{"start":{"line":53,"column":60},"end":{"line":59,"column":3}},"line":53},"2":{"name":"(anonymous_2)","decl":{"start":{"line":67,"column":2},"end":{"line":67,"column":3}},"loc":{"start":{"line":67,"column":49},"end":{"line":86,"column":3}},"line":67},"3":{"name":"(anonymous_3)","decl":{"start":{"line":93,"column":2},"end":{"line":93,"column":3}},"loc":{"start":{"line":93,"column":48},"end":{"line":97,"column":3}},"line":93},"4":{"name":"(anonymous_4)","decl":{"start":{"line":95,"column":16},"end":{"line":95,"column":17}},"loc":{"start":{"line":95,"column":24},"end":{"line":95,"column":84}},"line":95}},"branchMap":{"0":{"loc":{"start":{"line":28,"column":4},"end":{"line":41,"column":5}},"type":"if","locations":[{"start":{"line":28,"column":4},"end":{"line":41,"column":5}},{"start":{},"end":{}}],"line":28},"1":{"loc":{"start":{"line":34,"column":6},"end":{"line":36,"column":7}},"type":"if","locations":[{"start":{"line":34,"column":6},"end":{"line":36,"column":7}},{"start":{},"end":{}}],"line":34}},"s":{"0":2,"1":2,"2":31,"3":17,"4":7,"5":7,"6":3,"7":4,"8":10,"9":3,"10":5,"11":5,"12":8,"13":5,"14":2,"15":1,"16":2,"17":2},"f":{"0":31,"1":3,"2":5,"3":1,"4":2},"b":{"0":[7,10],"1":[3,4]},"_coverageSchema":"1a1c01bbd47fc00a2c39e90264f33305004495a9","hash":"371fb5f135a0eea420b0a977441755dcf635d17f"}
,"C:\\xampp\\htdocs\\PeruGym\\utils\\TransactionManager.js": {"path":"C:\\xampp\\htdocs\\PeruGym\\utils\\TransactionManager.js","statementMap":{"0":{"start":{"line":1,"column":17},"end":{"line":1,"column":36}},"1":{"start":{"line":2,"column":15},"end":{"line":2,"column":34}},"2":{"start":{"line":15,"column":20},"end":{"line":15,"column":49}},"3":{"start":{"line":16,"column":4},"end":{"line":16,"column":31}},"4":{"start":{"line":18,"column":22},"end":{"line":18,"column":32}},"5":{"start":{"line":20,"column":4},"end":{"line":55,"column":5}},"6":{"start":{"line":21,"column":6},"end":{"line":21,"column":77}},"7":{"start":{"line":23,"column":21},"end":{"line":23,"column":45}},"8":{"start":{"line":25,"column":6},"end":{"line":25,"column":40}},"9":{"start":{"line":27,"column":23},"end":{"line":27,"column":45}},"10":{"start":{"line":28,"column":6},"end":{"line":31,"column":9}},"11":{"start":{"line":34,"column":6},"end":{"line":40,"column":7}},"12":{"start":{"line":35,"column":8},"end":{"line":39,"column":11}},"13":{"start":{"line":42,"column":6},"end":{"line":42,"column":20}},"14":{"start":{"line":44,"column":6},"end":{"line":44,"column":39}},"15":{"start":{"line":46,"column":6},"end":{"line":50,"column":9}},"16":{"start":{"line":52,"column":6},"end":{"line":52,"column":18}},"17":{"start":{"line":54,"column":6},"end":{"line":54,"column":27}},"18":{"start":{"line":64,"column":4},"end":{"line":66,"column":7}},"19":{"start":{"line":65,"column":6},"end":{"line":65,"column":60}},"20":{"start":{"line":65,"column":46},"end":{"line":65,"column":57}},"21":{"start":{"line":70,"column":0},"end":{"line":70,"column":36}}},"fnMap":{"0":{"name":"(anonymous_0)","decl":{"start":{"line":14,"column":2},"end":{"line":14,"column":3}},"loc":{"start":{"line":14,"column":34},"end":{"line":56,"column":3}},"line":14},"1":{"name":"(anonymous_1)","decl":{"start":{"line":63,"column":2},"end":{"line":63,"column":3}},"loc":{"start":{"line":63,"column":43},"end":{"line":67,"column":3}},"line":63},"2":{"name":"(anonymous_2)","decl":{"start":{"line":64,"column":24},"end":{"line":64,"column":25}},"loc":{"start":{"line":64,"column":43},"end":{"line":66,"column":5}},"line":64},"3":{"name":"(anonymous_3)","decl":{"start":{"line":65,"column":40},"end":{"line":65,"column":41}},"loc":{"start":{"line":65,"column":46},"end":{"line":65,"column":57}},"line":65}},"branchMap":{"0":{"loc":{"start":{"line":34,"column":6},"end":{"line":40,"column":7}},"type":"if","locations":[{"start":{"line":34,"column":6},"end":{"line":40,"column":7}},{"start":{},"end":{}}],"line":34},"1":{"loc":{"start":{"line":48,"column":15},"end":{"line":48,"column":79}},"type":"cond-expr","locations":[{"start":{"line":48,"column":56},"end":{"line":48,"column":67}},{"start":{"line":48,"column":70},"end":{"line":48,"column":79}}],"line":48}},"s":{"0":2,"1":2,"2":14,"3":14,"4":14,"5":14,"6":14,"7":14,"8":7,"9":7,"10":7,"11":7,"12":0,"13":7,"14":7,"15":7,"16":7,"17":14,"18":2,"19":2,"20":6,"21":2},"f":{"0":14,"1":2,"2":2,"3":6},"b":{"0":[0,7],"1":[0,7]},"_coverageSchema":"1a1c01bbd47fc00a2c39e90264f33305004495a9","hash":"3e4cbc9af2f0c0ad2f377fb37e2281345f516ab9"}
,"C:\\xampp\\htdocs\\PeruGym\\utils\\logger.js": {"path":"C:\\xampp\\htdocs\\PeruGym\\utils\\logger.js","statementMap":{"0":{"start":{"line":6,"column":18},"end":{"line":11,"column":1}},"1":{"start":{"line":20,"column":19},"end":{"line":25,"column":3}},"2":{"start":{"line":27,"column":20},"end":{"line":27,"column":44}},"3":{"start":{"line":29,"column":2},"end":{"line":44,"column":3}},"4":{"start":{"line":31,"column":6},"end":{"line":31,"column":31}},"5":{"start":{"line":32,"column":6},"end":{"line":32,"column":12}},"6":{"start":{"line":34,"column":6},"end":{"line":34,"column":30}},"7":{"start":{"line":35,"column":6},"end":{"line":35,"column":12}},"8":{"start":{"line":37,"column":6},"end":{"line":37,"column":30}},"9":{"start":{"line":38,"column":6},"end":{"line":38,"column":12}},"10":{"start":{"line":40,"column":6},"end":{"line":40,"column":29}},"11":{"start":{"line":41,"column":6},"end":{"line":41,"column":12}},"12":{"start":{"line":43,"column":6},"end":{"line":43,"column":29}},"13":{"start":{"line":53,"column":2},"end":{"line":53,"column":41}},"14":{"start":{"line":62,"column":2},"end":{"line":62,"column":40}},"15":{"start":{"line":71,"column":2},"end":{"line":71,"column":40}},"16":{"start":{"line":80,"column":2},"end":{"line":80,"column":41}},"17":{"start":{"line":89,"column":25},"end":{"line":94,"column":3}},"18":{"start":{"line":96,"column":2},"end":{"line":101,"column":4}},"19":{"start":{"line":97,"column":38},"end":{"line":97,"column":87}},"20":{"start":{"line":98,"column":37},"end":{"line":98,"column":85}},"21":{"start":{"line":99,"column":37},"end":{"line":99,"column":85}},"22":{"start":{"line":100,"column":38},"end":{"line":100,"column":87}},"23":{"start":{"line":104,"column":0},"end":{"line":111,"column":2}}},"fnMap":{"0":{"name":"log","decl":{"start":{"line":19,"column":9},"end":{"line":19,"column":12}},"loc":{"start":{"line":19,"column":43},"end":{"line":45,"column":1}},"line":19},"1":{"name":"error","decl":{"start":{"line":52,"column":9},"end":{"line":52,"column":14}},"loc":{"start":{"line":52,"column":38},"end":{"line":54,"column":1}},"line":52},"2":{"name":"warn","decl":{"start":{"line":61,"column":9},"end":{"line":61,"column":13}},"loc":{"start":{"line":61,"column":37},"end":{"line":63,"column":1}},"line":61},"3":{"name":"info","decl":{"start":{"line":70,"column":9},"end":{"line":70,"column":13}},"loc":{"start":{"line":70,"column":37},"end":{"line":72,"column":1}},"line":70},"4":{"name":"debug","decl":{"start":{"line":79,"column":9},"end":{"line":79,"column":14}},"loc":{"start":{"line":79,"column":38},"end":{"line":81,"column":1}},"line":79},"5":{"name":"withRequest","decl":{"start":{"line":88,"column":9},"end":{"line":88,"column":20}},"loc":{"start":{"line":88,"column":26},"end":{"line":102,"column":1}},"line":88},"6":{"name":"(anonymous_6)","decl":{"start":{"line":97,"column":11},"end":{"line":97,"column":12}},"loc":{"start":{"line":97,"column":38},"end":{"line":97,"column":87}},"line":97},"7":{"name":"(anonymous_7)","decl":{"start":{"line":98,"column":10},"end":{"line":98,"column":11}},"loc":{"start":{"line":98,"column":37},"end":{"line":98,"column":85}},"line":98},"8":{"name":"(anonymous_8)","decl":{"start":{"line":99,"column":10},"end":{"line":99,"column":11}},"loc":{"start":{"line":99,"column":37},"end":{"line":99,"column":85}},"line":99},"9":{"name":"(anonymous_9)","decl":{"start":{"line":100,"column":11},"end":{"line":100,"column":12}},"loc":{"start":{"line":100,"column":38},"end":{"line":100,"column":87}},"line":100}},"branchMap":{"0":{"loc":{"start":{"line":19,"column":29},"end":{"line":19,"column":41}},"type":"default-arg","locations":[{"start":{"line":19,"column":39},"end":{"line":19,"column":41}}],"line":19},"1":{"loc":{"start":{"line":29,"column":2},"end":{"line":44,"column":3}},"type":"switch","locations":[{"start":{"line":30,"column":4},"end":{"line":32,"column":12}},{"start":{"line":33,"column":4},"end":{"line":35,"column":12}},{"start":{"line":36,"column":4},"end":{"line":38,"column":12}},{"start":{"line":39,"column":4},"end":{"line":41,"column":12}},{"start":{"line":42,"column":4},"end":{"line":43,"column":29}}],"line":29},"2":{"loc":{"start":{"line":52,"column":24},"end":{"line":52,"column":36}},"type":"default-arg","locations":[{"start":{"line":52,"column":34},"end":{"line":52,"column":36}}],"line":52},"3":{"loc":{"start":{"line":61,"column":23},"end":{"line":61,"column":35}},"type":"default-arg","locations":[{"start":{"line":61,"column":33},"end":{"line":61,"column":35}}],"line":61},"4":{"loc":{"start":{"line":70,"column":23},"end":{"line":70,"column":35}},"type":"default-arg","locations":[{"start":{"line":70,"column":33},"end":{"line":70,"column":35}}],"line":70},"5":{"loc":{"start":{"line":79,"column":24},"end":{"line":79,"column":36}},"type":"default-arg","locations":[{"start":{"line":79,"column":34},"end":{"line":79,"column":36}}],"line":79},"6":{"loc":{"start":{"line":91,"column":11},"end":{"line":91,"column":37}},"type":"binary-expr","locations":[{"start":{"line":91,"column":11},"end":{"line":91,"column":26}},{"start":{"line":91,"column":30},"end":{"line":91,"column":37}}],"line":91},"7":{"loc":{"start":{"line":97,"column":21},"end":{"line":97,"column":33}},"type":"default-arg","locations":[{"start":{"line":97,"column":31},"end":{"line":97,"column":33}}],"line":97},"8":{"loc":{"start":{"line":98,"column":20},"end":{"line":98,"column":32}},"type":"default-arg","locations":[{"start":{"line":98,"column":30},"end":{"line":98,"column":32}}],"line":98},"9":{"loc":{"start":{"line":99,"column":20},"end":{"line":99,"column":32}},"type":"default-arg","locations":[{"start":{"line":99,"column":30},"end":{"line":99,"column":32}}],"line":99},"10":{"loc":{"start":{"line":100,"column":21},"end":{"line":100,"column":33}},"type":"default-arg","locations":[{"start":{"line":100,"column":31},"end":{"line":100,"column":33}}],"line":100}},"s":{"0":3,"1":36,"2":36,"3":36,"4":15,"5":15,"6":0,"7":0,"8":7,"9":7,"10":14,"11":14,"12":0,"13":15,"14":0,"15":7,"16":14,"17":8,"18":8,"19":8,"20":0,"21":0,"22":0,"23":3},"f":{"0":36,"1":15,"2":0,"3":7,"4":14,"5":8,"6":8,"7":0,"8":0,"9":0},"b":{"0":[0],"1":[15,0,7,14,0],"2":[0],"3":[0],"4":[0],"5":[0],"6":[8,8],"7":[0],"8":[0],"9":[0],"10":[0]},"_coverageSchema":"1a1c01bbd47fc00a2c39e90264f33305004495a9","hash":"c0167bd1503ccc2b450ec721790725aa15e53d91"}
}
