TN:
SF:middleware\auth.js
FN:9,(anonymous_0)
FN:18,(anonymous_1)
FN:28,(anonymous_2)
FN:28,(anonymous_3)
FN:58,(anonymous_4)
FN:92,(anonymous_5)
FN:92,(anonymous_6)
FN:104,(anonymous_7)
FNF:8
FNH:5
FNDA:10,(anonymous_0)
FNDA:5,(anonymous_1)
FNDA:4,(anonymous_2)
FNDA:4,(anonymous_3)
FNDA:6,(anonymous_4)
FNDA:0,(anonymous_5)
FNDA:0,(anonymous_6)
FNDA:0,(anonymous_7)
DA:1,1
DA:2,1
DA:9,1
DA:10,10
DA:18,1
DA:19,5
DA:20,5
DA:28,4
DA:29,4
DA:30,4
DA:33,4
DA:34,1
DA:40,3
DA:41,3
DA:42,1
DA:47,2
DA:50,0
DA:58,1
DA:59,6
DA:60,6
DA:62,6
DA:64,5
DA:65,5
DA:68,4
DA:69,1
DA:70,1
DA:74,3
DA:75,3
DA:76,3
DA:77,2
DA:80,1
DA:81,1
DA:84,0
DA:88,1
DA:92,1
DA:93,0
DA:94,0
DA:96,0
DA:104,1
DA:105,0
DA:111,0
DA:114,1
LF:42
LH:35
BRDA:20,0,0,5
BRDA:20,0,1,4
BRDA:28,1,0,4
BRDA:33,2,0,1
BRDA:33,2,1,3
BRDA:41,3,0,1
BRDA:41,3,1,2
BRDA:41,4,0,3
BRDA:41,4,1,2
BRDA:60,5,0,6
BRDA:60,5,1,5
BRDA:62,6,0,1
BRDA:62,6,1,5
BRDA:65,7,0,5
BRDA:65,7,1,5
BRDA:68,8,0,1
BRDA:68,8,1,3
BRDA:76,9,0,2
BRDA:76,9,1,1
BRDA:76,10,0,3
BRDA:76,10,1,2
BRDA:93,11,0,0
BRDA:93,11,1,0
BRF:23
BRH:21
end_of_record
TN:
SF:middleware\cajaAbierta.js
FN:9,(anonymous_0)
FNF:1
FNH:0
FNDA:0,(anonymous_0)
DA:1,0
DA:2,0
DA:9,0
DA:10,0
DA:12,0
DA:13,0
DA:18,0
DA:19,0
DA:22,0
DA:23,0
DA:24,0
DA:25,0
DA:29,0
DA:30,0
DA:32,0
DA:36,0
LF:16
LH:0
BRDA:12,0,0,0
BRDA:12,0,1,0
BRDA:18,1,0,0
BRDA:18,1,1,0
BRDA:24,2,0,0
BRDA:24,2,1,0
BRF:6
BRH:0
end_of_record
TN:
SF:middleware\errorHandler.js
FN:9,sanitizeBody
FN:13,(anonymous_1)
FN:24,(anonymous_2)
FN:100,(anonymous_3)
FN:100,(anonymous_4)
FNF:5
FNH:5
FNDA:8,sanitizeBody
FNDA:24,(anonymous_1)
FNDA:8,(anonymous_2)
FNDA:2,(anonymous_3)
FNDA:2,(anonymous_4)
DA:1,1
DA:2,1
DA:10,8
DA:11,8
DA:12,8
DA:13,8
DA:14,24
DA:15,2
DA:18,8
DA:24,1
DA:26,8
DA:40,8
DA:41,0
DA:44,8
DA:47,8
DA:48,5
DA:54,3
DA:55,1
DA:61,2
DA:62,1
DA:68,1
DA:69,1
DA:70,1
DA:76,0
DA:77,0
DA:82,0
DA:83,0
DA:89,0
DA:90,0
DA:100,2
DA:101,2
DA:104,1
LF:32
LH:25
BRDA:10,0,0,0
BRDA:10,0,1,8
BRDA:14,1,0,2
BRDA:14,1,1,22
BRDA:33,2,0,8
BRDA:33,2,1,3
BRDA:35,3,0,8
BRDA:35,3,1,8
BRDA:40,4,0,0
BRDA:40,4,1,8
BRDA:47,5,0,5
BRDA:47,5,1,3
BRDA:54,6,0,1
BRDA:54,6,1,2
BRDA:61,7,0,1
BRDA:61,7,1,1
BRDA:68,8,0,1
BRDA:68,8,1,0
BRDA:76,9,0,0
BRDA:76,9,1,0
BRDA:82,10,0,0
BRDA:82,10,1,0
BRDA:91,11,0,0
BRDA:91,11,1,0
BRF:24
BRH:15
end_of_record
TN:
SF:middleware\validation.js
FN:6,(anonymous_0)
FN:21,(anonymous_1)
FN:31,(anonymous_2)
FN:34,(anonymous_3)
FN:57,(anonymous_4)
FN:71,(anonymous_5)
FN:82,(anonymous_6)
FN:90,(anonymous_7)
FN:100,(anonymous_8)
FN:107,(anonymous_9)
FN:109,(anonymous_10)
FN:118,(anonymous_11)
FNF:12
FNH:11
FNDA:0,(anonymous_0)
FNDA:8,(anonymous_1)
FNDA:11,(anonymous_2)
FNDA:11,(anonymous_3)
FNDA:10,(anonymous_4)
FNDA:4,(anonymous_5)
FNDA:5,(anonymous_6)
FNDA:5,(anonymous_7)
FNDA:3,(anonymous_8)
FNDA:3,(anonymous_9)
FNDA:2,(anonymous_10)
FNDA:5,(anonymous_11)
DA:1,2
DA:6,2
DA:7,0
DA:8,0
DA:9,0
DA:11,0
DA:17,2
DA:21,8
DA:32,11
DA:34,11
DA:36,11
DA:37,11
DA:45,0
DA:57,10
DA:72,4
DA:73,4
DA:82,5
DA:90,5
DA:100,3
DA:107,3
DA:109,2
DA:119,5
DA:121,5
DA:122,2
DA:128,3
DA:136,2
LF:26
LH:21
BRDA:8,0,0,0
BRDA:8,0,1,0
BRDA:31,1,0,11
BRDA:34,2,0,10
BRDA:34,2,1,1
BRDA:36,3,0,11
BRDA:36,3,1,0
BRDA:71,4,0,0
BRDA:71,5,0,0
BRDA:72,6,0,1
BRDA:72,6,1,3
BRDA:82,7,0,0
BRDA:118,8,0,0
BRDA:118,9,0,0
BRDA:118,10,0,0
BRDA:121,11,0,2
BRDA:121,11,1,3
BRF:17
BRH:8
end_of_record
TN:
SF:middleware\errors\ErrorTypes.js
FN:5,(anonymous_0)
FN:18,(anonymous_1)
FN:27,(anonymous_2)
FN:36,(anonymous_3)
FN:45,(anonymous_4)
FN:54,(anonymous_5)
FN:63,(anonymous_6)
FNF:7
FNH:6
FNDA:46,(anonymous_0)
FNDA:1,(anonymous_1)
FNDA:10,(anonymous_2)
FNDA:1,(anonymous_3)
FNDA:1,(anonymous_4)
FNDA:0,(anonymous_5)
FNDA:32,(anonymous_6)
DA:6,46
DA:7,46
DA:8,46
DA:9,46
DA:10,46
DA:19,1
DA:28,10
DA:37,1
DA:46,1
DA:55,0
DA:64,32
DA:68,8
LF:12
LH:11
BRDA:5,0,0,1
BRDA:27,1,0,0
BRDA:45,2,0,1
BRDA:54,3,0,0
BRF:4
BRH:2
end_of_record
TN:
SF:routes\asistencia.js
FN:7,buildFilter
FN:35,(anonymous_1)
FN:51,(anonymous_2)
FN:63,(anonymous_3)
FN:64,(anonymous_4)
FN:65,(anonymous_5)
FN:67,(anonymous_6)
FN:72,(anonymous_7)
FN:87,(anonymous_8)
FN:96,(anonymous_9)
FN:99,(anonymous_10)
FN:168,(anonymous_11)
FN:177,(anonymous_12)
FN:182,(anonymous_13)
FN:218,(anonymous_14)
FN:245,(anonymous_15)
FN:263,(anonymous_16)
FNF:17
FNH:0
FNDA:0,buildFilter
FNDA:0,(anonymous_1)
FNDA:0,(anonymous_2)
FNDA:0,(anonymous_3)
FNDA:0,(anonymous_4)
FNDA:0,(anonymous_5)
FNDA:0,(anonymous_6)
FNDA:0,(anonymous_7)
FNDA:0,(anonymous_8)
FNDA:0,(anonymous_9)
FNDA:0,(anonymous_10)
FNDA:0,(anonymous_11)
FNDA:0,(anonymous_12)
FNDA:0,(anonymous_13)
FNDA:0,(anonymous_14)
FNDA:0,(anonymous_15)
FNDA:0,(anonymous_16)
DA:1,0
DA:2,0
DA:3,0
DA:5,0
DA:8,0
DA:9,0
DA:10,0
DA:12,0
DA:14,0
DA:15,0
DA:16,0
DA:17,0
DA:19,0
DA:20,0
DA:21,0
DA:22,0
DA:23,0
DA:24,0
DA:29,0
DA:30,0
DA:32,0
DA:35,0
DA:36,0
DA:37,0
DA:39,0
DA:40,0
DA:43,0
DA:47,0
DA:50,0
DA:51,0
DA:54,0
DA:55,0
DA:58,0
DA:59,0
DA:60,0
DA:61,0
DA:63,0
DA:65,0
DA:66,0
DA:67,0
DA:68,0
DA:72,0
DA:79,0
DA:81,0
DA:82,0
DA:87,0
DA:88,0
DA:90,0
DA:91,0
DA:95,0
DA:96,0
DA:99,0
DA:100,0
DA:101,0
DA:102,0
DA:103,0
DA:104,0
DA:105,0
DA:107,0
DA:116,0
DA:117,0
DA:118,0
DA:120,0
DA:121,0
DA:122,0
DA:124,0
DA:128,0
DA:133,0
DA:134,0
DA:135,0
DA:136,0
DA:137,0
DA:139,0
DA:140,0
DA:141,0
DA:142,0
DA:143,0
DA:145,0
DA:146,0
DA:147,0
DA:148,0
DA:151,0
DA:152,0
DA:153,0
DA:154,0
DA:155,0
DA:157,0
DA:158,0
DA:159,0
DA:160,0
DA:161,0
DA:163,0
DA:164,0
DA:166,0
DA:167,0
DA:168,0
DA:169,0
DA:170,0
DA:171,0
DA:172,0
DA:173,0
DA:174,0
DA:177,0
DA:178,0
DA:179,0
DA:180,0
DA:181,0
DA:182,0
DA:183,0
DA:184,0
DA:185,0
DA:186,0
DA:187,0
DA:188,0
DA:189,0
DA:190,0
DA:191,0
DA:192,0
DA:197,0
DA:198,0
DA:199,0
DA:200,0
DA:201,0
DA:202,0
DA:203,0
DA:204,0
DA:206,0
DA:208,0
DA:209,0
DA:210,0
DA:211,0
DA:213,0
DA:214,0
DA:218,0
DA:219,0
DA:220,0
DA:221,0
DA:222,0
DA:224,0
DA:229,0
DA:231,0
DA:233,0
DA:236,0
DA:242,0
DA:245,0
DA:246,0
DA:247,0
DA:254,0
DA:260,0
DA:263,0
DA:264,0
DA:265,0
DA:267,0
DA:269,0
DA:275,0
DA:281,0
DA:284,0
LF:157
LH:0
BRDA:12,0,0,0
BRDA:12,0,1,0
BRDA:14,1,0,0
BRDA:14,1,1,0
BRDA:19,2,0,0
BRDA:19,2,1,0
BRDA:19,3,0,0
BRDA:19,3,1,0
BRDA:21,4,0,0
BRDA:21,4,1,0
BRDA:22,5,0,0
BRDA:22,5,1,0
BRDA:29,6,0,0
BRDA:29,6,1,0
BRDA:30,7,0,0
BRDA:30,7,1,0
BRDA:32,8,0,0
BRDA:32,8,1,0
BRDA:36,9,0,0
BRDA:36,10,0,0
BRDA:43,11,0,0
BRDA:43,11,1,0
BRDA:50,12,0,0
BRDA:50,12,1,0
BRDA:66,13,0,0
BRDA:66,13,1,0
BRDA:95,14,0,0
BRDA:95,14,1,0
BRDA:100,15,0,0
BRDA:100,15,1,0
BRDA:101,16,0,0
BRDA:101,16,1,0
BRDA:103,17,0,0
BRDA:103,17,1,0
BRDA:105,18,0,0
BRDA:105,18,1,0
BRDA:108,19,0,0
BRDA:108,19,1,0
BRDA:109,20,0,0
BRDA:109,20,1,0
BRDA:111,21,0,0
BRDA:111,21,1,0
BRDA:146,22,0,0
BRDA:146,22,1,0
BRDA:180,23,0,0
BRDA:180,23,1,0
BRDA:187,24,0,0
BRDA:187,24,1,0
BRDA:189,25,0,0
BRDA:189,25,1,0
BRDA:190,26,0,0
BRDA:190,26,1,0
BRDA:191,27,0,0
BRDA:191,27,1,0
BRDA:229,28,0,0
BRDA:229,28,1,0
BRDA:267,29,0,0
BRDA:267,29,1,0
BRF:58
BRH:0
end_of_record
TN:
SF:routes\auth.js
FN:15,(anonymous_0)
FN:24,(anonymous_1)
FN:59,(anonymous_2)
FN:65,(anonymous_3)
FN:66,(anonymous_4)
FN:76,(anonymous_5)
FN:97,(anonymous_6)
FN:118,(anonymous_7)
FN:151,(anonymous_8)
FN:163,(anonymous_9)
FNF:10
FNH:0
FNDA:0,(anonymous_0)
FNDA:0,(anonymous_1)
FNDA:0,(anonymous_2)
FNDA:0,(anonymous_3)
FNDA:0,(anonymous_4)
FNDA:0,(anonymous_5)
FNDA:0,(anonymous_6)
FNDA:0,(anonymous_7)
FNDA:0,(anonymous_8)
FNDA:0,(anonymous_9)
DA:1,0
DA:2,0
DA:3,0
DA:4,0
DA:5,0
DA:6,0
DA:7,0
DA:15,0
DA:16,0
DA:21,0
DA:24,0
DA:25,0
DA:26,0
DA:28,0
DA:29,0
DA:30,0
DA:32,0
DA:33,0
DA:34,0
DA:36,0
DA:41,0
DA:45,0
DA:46,0
DA:47,0
DA:49,0
DA:50,0
DA:55,0
DA:56,0
DA:59,0
DA:60,0
DA:61,0
DA:62,0
DA:63,0
DA:65,0
DA:66,0
DA:71,0
DA:74,0
DA:77,0
DA:78,0
DA:79,0
DA:81,0
DA:82,0
DA:83,0
DA:84,0
DA:86,0
DA:87,0
DA:88,0
DA:90,0
DA:94,0
DA:98,0
DA:99,0
DA:100,0
DA:101,0
DA:102,0
DA:104,0
DA:105,0
DA:106,0
DA:107,0
DA:109,0
DA:110,0
DA:111,0
DA:113,0
DA:118,0
DA:119,0
DA:120,0
DA:121,0
DA:123,0
DA:124,0
DA:126,0
DA:127,0
DA:128,0
DA:129,0
DA:132,0
DA:134,0
DA:135,0
DA:136,0
DA:139,0
DA:140,0
DA:141,0
DA:144,0
DA:145,0
DA:146,0
DA:147,0
DA:148,0
DA:151,0
DA:152,0
DA:153,0
DA:154,0
DA:155,0
DA:157,0
DA:158,0
DA:159,0
DA:160,0
DA:163,0
DA:164,0
DA:165,0
DA:166,0
DA:167,0
DA:168,0
DA:171,0
LF:100
LH:0
BRDA:32,0,0,0
BRDA:32,0,1,0
BRDA:32,1,0,0
BRDA:32,1,1,0
BRDA:32,1,2,0
BRDA:34,2,0,0
BRDA:34,2,1,0
BRDA:39,3,0,0
BRDA:39,3,1,0
BRDA:46,4,0,0
BRDA:46,4,1,0
BRDA:46,5,0,0
BRDA:46,5,1,0
BRDA:49,6,0,0
BRDA:49,6,1,0
BRDA:49,7,0,0
BRDA:49,7,1,0
BRDA:53,8,0,0
BRDA:53,8,1,0
BRDA:78,9,0,0
BRDA:78,9,1,0
BRDA:78,10,0,0
BRDA:78,10,1,0
BRDA:78,10,2,0
BRDA:83,11,0,0
BRDA:83,11,1,0
BRDA:86,12,0,0
BRDA:86,12,1,0
BRDA:87,13,0,0
BRDA:87,13,1,0
BRDA:101,14,0,0
BRDA:101,14,1,0
BRDA:101,15,0,0
BRDA:101,15,1,0
BRDA:106,16,0,0
BRDA:106,16,1,0
BRDA:109,17,0,0
BRDA:109,17,1,0
BRDA:110,18,0,0
BRDA:110,18,1,0
BRDA:120,19,0,0
BRDA:120,19,1,0
BRDA:120,20,0,0
BRDA:120,20,1,0
BRDA:123,21,0,0
BRDA:123,21,1,0
BRDA:128,22,0,0
BRDA:128,22,1,0
BRDA:128,23,0,0
BRDA:128,23,1,0
BRDA:132,24,0,0
BRDA:132,24,1,0
BRDA:135,25,0,0
BRDA:135,25,1,0
BRDA:135,26,0,0
BRDA:135,26,1,0
BRDA:140,27,0,0
BRDA:140,27,1,0
BRDA:140,28,0,0
BRDA:140,28,1,0
BRDA:146,29,0,0
BRDA:146,29,1,0
BRDA:154,30,0,0
BRDA:154,30,1,0
BRDA:154,31,0,0
BRDA:154,31,1,0
BRDA:158,32,0,0
BRDA:158,32,1,0
BRF:68
BRH:0
end_of_record
TN:
SF:routes\caja.js
FN:13,(anonymous_0)
FN:25,(anonymous_1)
FN:26,(anonymous_2)
FN:38,(anonymous_3)
FN:48,(anonymous_4)
FN:62,(anonymous_5)
FN:63,(anonymous_6)
FN:79,(anonymous_7)
FN:91,(anonymous_8)
FN:102,(anonymous_9)
FN:118,(anonymous_10)
FN:145,(anonymous_11)
FN:158,(anonymous_12)
FN:172,(anonymous_13)
FN:177,(anonymous_14)
FN:182,(anonymous_15)
FNF:16
FNH:0
FNDA:0,(anonymous_0)
FNDA:0,(anonymous_1)
FNDA:0,(anonymous_2)
FNDA:0,(anonymous_3)
FNDA:0,(anonymous_4)
FNDA:0,(anonymous_5)
FNDA:0,(anonymous_6)
FNDA:0,(anonymous_7)
FNDA:0,(anonymous_8)
FNDA:0,(anonymous_9)
FNDA:0,(anonymous_10)
FNDA:0,(anonymous_11)
FNDA:0,(anonymous_12)
FNDA:0,(anonymous_13)
FNDA:0,(anonymous_14)
FNDA:0,(anonymous_15)
DA:1,0
DA:2,0
DA:3,0
DA:4,0
DA:5,0
DA:6,0
DA:7,0
DA:8,0
DA:9,0
DA:11,0
DA:13,0
DA:14,0
DA:15,0
DA:18,0
DA:21,0
DA:25,0
DA:26,0
DA:28,0
DA:35,0
DA:38,0
DA:39,0
DA:40,0
DA:41,0
DA:42,0
DA:48,0
DA:49,0
DA:53,0
DA:58,0
DA:62,0
DA:63,0
DA:64,0
DA:75,0
DA:76,0
DA:79,0
DA:80,0
DA:82,0
DA:88,0
DA:91,0
DA:92,0
DA:94,0
DA:99,0
DA:102,0
DA:103,0
DA:104,0
DA:109,0
DA:114,0
DA:118,0
DA:126,0
DA:127,0
DA:128,0
DA:129,0
DA:145,0
DA:151,0
DA:152,0
DA:158,0
DA:159,0
DA:161,0
DA:168,0
DA:172,0
DA:173,0
DA:174,0
DA:177,0
DA:178,0
DA:182,0
DA:183,0
DA:184,0
DA:185,0
DA:186,0
DA:187,0
DA:188,0
DA:189,0
DA:192,0
LF:72
LH:0
BRDA:18,0,0,0
BRDA:18,0,1,0
BRDA:25,1,0,0
BRDA:25,1,1,0
BRDA:26,2,0,0
BRDA:26,2,1,0
BRDA:39,3,0,0
BRDA:39,4,0,0
BRDA:62,5,0,0
BRDA:62,5,1,0
BRDA:63,6,0,0
BRDA:63,6,1,0
BRDA:68,7,0,0
BRDA:68,7,1,0
BRDA:69,8,0,0
BRDA:69,8,1,0
BRDA:135,9,0,0
BRDA:135,9,1,0
BRDA:185,10,0,0
BRDA:185,10,1,0
BRDA:187,11,0,0
BRDA:187,11,1,0
BRF:22
BRH:0
end_of_record
TN:
SF:routes\clientes.js
FN:16,(anonymous_0)
FN:31,(anonymous_1)
FN:45,(anonymous_2)
FN:71,(anonymous_3)
FN:96,(anonymous_4)
FN:107,(anonymous_5)
FN:125,(anonymous_6)
FN:135,(anonymous_7)
FN:137,(anonymous_8)
FN:152,(anonymous_9)
FN:176,(anonymous_10)
FN:206,(anonymous_11)
FNF:12
FNH:0
FNDA:0,(anonymous_0)
FNDA:0,(anonymous_1)
FNDA:0,(anonymous_2)
FNDA:0,(anonymous_3)
FNDA:0,(anonymous_4)
FNDA:0,(anonymous_5)
FNDA:0,(anonymous_6)
FNDA:0,(anonymous_7)
FNDA:0,(anonymous_8)
FNDA:0,(anonymous_9)
FNDA:0,(anonymous_10)
FNDA:0,(anonymous_11)
DA:1,0
DA:2,0
DA:3,0
DA:4,0
DA:5,0
DA:6,0
DA:7,0
DA:8,0
DA:9,0
DA:11,0
DA:14,0
DA:17,0
DA:19,0
DA:20,0
DA:22,0
DA:23,0
DA:26,0
DA:27,0
DA:30,0
DA:31,0
DA:33,0
DA:42,0
DA:44,0
DA:45,0
DA:46,0
DA:47,0
DA:49,0
DA:52,0
DA:54,0
DA:62,0
DA:63,0
DA:64,0
DA:66,0
DA:67,0
DA:71,0
DA:72,0
DA:73,0
DA:75,0
DA:77,0
DA:78,0
DA:86,0
DA:88,0
DA:89,0
DA:90,0
DA:96,0
DA:97,0
DA:102,0
DA:106,0
DA:107,0
DA:108,0
DA:110,0
DA:119,0
DA:120,0
DA:123,0
DA:126,0
DA:127,0
DA:128,0
DA:130,0
DA:134,0
DA:135,0
DA:137,0
DA:144,0
DA:145,0
DA:148,0
DA:153,0
DA:154,0
DA:155,0
DA:156,0
DA:157,0
DA:167,0
DA:168,0
DA:171,0
DA:177,0
DA:178,0
DA:179,0
DA:180,0
DA:181,0
DA:182,0
DA:183,0
DA:185,0
DA:200,0
DA:201,0
DA:204,0
DA:207,0
DA:208,0
DA:209,0
DA:210,0
DA:211,0
DA:212,0
DA:215,0
LF:90
LH:0
BRDA:22,0,0,0
BRDA:22,0,1,0
BRDA:22,1,0,0
BRDA:22,1,1,0
BRDA:44,2,0,0
BRDA:44,2,1,0
BRDA:46,3,0,0
BRDA:46,3,1,0
BRDA:49,4,0,0
BRDA:49,4,1,0
BRDA:55,5,0,0
BRDA:55,5,1,0
BRDA:56,6,0,0
BRDA:56,6,1,0
BRDA:57,7,0,0
BRDA:57,7,1,0
BRDA:58,8,0,0
BRDA:58,8,1,0
BRDA:59,9,0,0
BRDA:59,9,1,0
BRDA:62,10,0,0
BRDA:62,10,1,0
BRDA:72,11,0,0
BRDA:72,12,0,0
BRDA:75,13,0,0
BRDA:75,13,1,0
BRDA:86,14,0,0
BRDA:86,14,1,0
BRDA:86,15,0,0
BRDA:86,15,1,0
BRDA:107,16,0,0
BRDA:107,16,1,0
BRDA:107,17,0,0
BRDA:107,17,1,0
BRDA:113,18,0,0
BRDA:113,18,1,0
BRDA:114,19,0,0
BRDA:114,19,1,0
BRDA:115,20,0,0
BRDA:115,20,1,0
BRDA:128,21,0,0
BRDA:128,21,1,0
BRDA:135,22,0,0
BRDA:135,22,1,0
BRDA:135,23,0,0
BRDA:135,23,1,0
BRDA:156,24,0,0
BRDA:156,24,1,0
BRDA:159,25,0,0
BRDA:159,25,1,0
BRDA:160,26,0,0
BRDA:160,26,1,0
BRDA:161,27,0,0
BRDA:161,27,1,0
BRDA:162,28,0,0
BRDA:162,28,1,0
BRDA:163,29,0,0
BRDA:163,29,1,0
BRDA:165,30,0,0
BRDA:165,30,1,0
BRDA:181,31,0,0
BRDA:181,31,1,0
BRDA:189,32,0,0
BRDA:189,32,1,0
BRDA:190,33,0,0
BRDA:190,33,1,0
BRDA:191,34,0,0
BRDA:191,34,1,0
BRDA:192,35,0,0
BRDA:192,35,1,0
BRDA:193,36,0,0
BRDA:193,36,1,0
BRDA:195,37,0,0
BRDA:195,37,1,0
BRDA:196,38,0,0
BRDA:196,38,1,0
BRF:76
BRH:0
end_of_record
TN:
SF:routes\dashboard.js
FN:11,(anonymous_0)
FN:75,(anonymous_1)
FN:81,(anonymous_2)
FNF:3
FNH:0
FNDA:0,(anonymous_0)
FNDA:0,(anonymous_1)
FNDA:0,(anonymous_2)
DA:1,0
DA:2,0
DA:3,0
DA:4,0
DA:5,0
DA:6,0
DA:7,0
DA:9,0
DA:11,0
DA:12,0
DA:13,0
DA:14,0
DA:15,0
DA:16,0
DA:17,0
DA:28,0
DA:67,0
DA:75,0
DA:81,0
DA:89,0
DA:92,0
LF:21
LH:0
BRDA:70,0,0,0
BRDA:70,0,1,0
BRF:2
BRH:0
end_of_record
TN:
SF:routes\health.js
FN:8,(anonymous_0)
FNF:1
FNH:0
FNDA:0,(anonymous_0)
DA:1,0
DA:2,0
DA:8,0
DA:9,0
DA:17,0
DA:18,0
DA:19,0
DA:26,0
DA:32,0
DA:33,0
DA:36,0
DA:40,0
DA:44,0
DA:45,0
DA:53,0
DA:54,0
DA:57,0
LF:17
LH:0
BRDA:27,0,0,0
BRDA:27,0,1,0
BRDA:32,1,0,0
BRDA:32,1,1,0
BRDA:53,2,0,0
BRDA:53,2,1,0
BRF:6
BRH:0
end_of_record
TN:
SF:routes\landing.js
FN:7,(anonymous_0)
FN:17,(anonymous_1)
FNF:2
FNH:0
FNDA:0,(anonymous_0)
FNDA:0,(anonymous_1)
DA:1,0
DA:2,0
DA:3,0
DA:4,0
DA:7,0
DA:8,0
DA:9,0
DA:11,0
DA:12,0
DA:13,0
DA:17,0
DA:18,0
DA:19,0
DA:21,0
DA:22,0
DA:23,0
DA:24,0
DA:26,0
DA:27,0
DA:28,0
DA:29,0
DA:31,0
DA:36,0
DA:37,0
DA:40,0
LF:25
LH:0
BRDA:12,0,0,0
BRDA:12,0,1,0
BRDA:19,1,0,0
BRDA:19,1,1,0
BRDA:26,2,0,0
BRDA:26,2,1,0
BRDA:27,3,0,0
BRDA:27,3,1,0
BRDA:28,4,0,0
BRDA:28,4,1,0
BRDA:29,5,0,0
BRDA:29,5,1,0
BRF:12
BRH:0
end_of_record
TN:
SF:routes\membresias.js
FN:17,(anonymous_0)
FN:41,(anonymous_1)
FN:52,(anonymous_2)
FN:77,(anonymous_3)
FN:83,(anonymous_4)
FN:126,(anonymous_5)
FN:130,(anonymous_6)
FN:175,(anonymous_7)
FN:181,(anonymous_8)
FN:221,(anonymous_9)
FN:247,(anonymous_10)
FN:262,(anonymous_11)
FN:267,(anonymous_12)
FN:277,(anonymous_13)
FNF:14
FNH:0
FNDA:0,(anonymous_0)
FNDA:0,(anonymous_1)
FNDA:0,(anonymous_2)
FNDA:0,(anonymous_3)
FNDA:0,(anonymous_4)
FNDA:0,(anonymous_5)
FNDA:0,(anonymous_6)
FNDA:0,(anonymous_7)
FNDA:0,(anonymous_8)
FNDA:0,(anonymous_9)
FNDA:0,(anonymous_10)
FNDA:0,(anonymous_11)
FNDA:0,(anonymous_12)
FNDA:0,(anonymous_13)
DA:1,0
DA:2,0
DA:3,0
DA:4,0
DA:5,0
DA:6,0
DA:7,0
DA:8,0
DA:9,0
DA:10,0
DA:11,0
DA:12,0
DA:14,0
DA:17,0
DA:18,0
DA:19,0
DA:21,0
DA:22,0
DA:24,0
DA:25,0
DA:26,0
DA:27,0
DA:28,0
DA:29,0
DA:30,0
DA:34,0
DA:35,0
DA:36,0
DA:37,0
DA:41,0
DA:44,0
DA:45,0
DA:52,0
DA:61,0
DA:62,0
DA:66,0
DA:78,0
DA:79,0
DA:81,0
DA:83,0
DA:85,0
DA:91,0
DA:94,0
DA:107,0
DA:110,0
DA:115,0
DA:127,0
DA:128,0
DA:130,0
DA:132,0
DA:139,0
DA:142,0
DA:145,0
DA:158,0
DA:161,0
DA:166,0
DA:176,0
DA:177,0
DA:179,0
DA:181,0
DA:183,0
DA:190,0
DA:195,0
DA:208,0
DA:211,0
DA:216,0
DA:222,0
DA:223,0
DA:224,0
DA:225,0
DA:226,0
DA:227,0
DA:230,0
DA:232,0
DA:240,0
DA:244,0
DA:248,0
DA:249,0
DA:250,0
DA:251,0
DA:252,0
DA:253,0
DA:254,0
DA:255,0
DA:259,0
DA:263,0
DA:264,0
DA:267,0
DA:272,0
DA:273,0
DA:277,0
DA:278,0
DA:279,0
DA:283,0
DA:284,0
DA:287,0
LF:96
LH:0
BRDA:18,0,0,0
BRDA:18,1,0,0
BRDA:24,2,0,0
BRDA:24,2,1,0
BRDA:25,3,0,0
BRDA:25,3,1,0
BRDA:26,4,0,0
BRDA:26,4,1,0
BRDA:34,5,0,0
BRDA:34,5,1,0
BRDA:78,6,0,0
BRDA:100,7,0,0
BRDA:100,7,1,0
BRDA:102,8,0,0
BRDA:102,8,1,0
BRDA:127,9,0,0
BRDA:151,10,0,0
BRDA:151,10,1,0
BRDA:153,11,0,0
BRDA:153,11,1,0
BRDA:176,12,0,0
BRDA:201,13,0,0
BRDA:201,13,1,0
BRDA:203,14,0,0
BRDA:203,14,1,0
BRDA:225,15,0,0
BRDA:225,15,1,0
BRDA:226,16,0,0
BRDA:226,16,1,0
BRDA:230,17,0,0
BRDA:230,17,1,0
BRDA:250,18,0,0
BRDA:250,18,1,0
BRDA:251,19,0,0
BRDA:251,19,1,0
BRF:35
BRH:0
end_of_record
TN:
SF:routes\pagos.js
FN:13,(anonymous_0)
FN:35,(anonymous_1)
FN:56,(anonymous_2)
FN:106,(anonymous_3)
FN:121,(anonymous_4)
FNF:5
FNH:0
FNDA:0,(anonymous_0)
FNDA:0,(anonymous_1)
FNDA:0,(anonymous_2)
FNDA:0,(anonymous_3)
FNDA:0,(anonymous_4)
DA:1,0
DA:2,0
DA:3,0
DA:4,0
DA:5,0
DA:6,0
DA:7,0
DA:8,0
DA:10,0
DA:13,0
DA:14,0
DA:15,0
DA:17,0
DA:18,0
DA:19,0
DA:20,0
DA:21,0
DA:22,0
DA:23,0
DA:26,0
DA:27,0
DA:28,0
DA:35,0
DA:43,0
DA:44,0
DA:48,0
DA:57,0
DA:58,0
DA:60,0
DA:61,0
DA:62,0
DA:65,0
DA:66,0
DA:67,0
DA:69,0
DA:70,0
DA:71,0
DA:75,0
DA:76,0
DA:84,0
DA:91,0
DA:96,0
DA:107,0
DA:108,0
DA:109,0
DA:114,0
DA:115,0
DA:116,0
DA:121,0
DA:122,0
DA:123,0
DA:124,0
DA:125,0
DA:126,0
DA:129,0
LF:55
LH:0
BRDA:14,0,0,0
BRDA:14,1,0,0
BRDA:17,2,0,0
BRDA:17,2,1,0
BRDA:18,3,0,0
BRDA:18,3,1,0
BRDA:19,4,0,0
BRDA:19,4,1,0
BRDA:20,5,0,0
BRDA:20,5,1,0
BRDA:20,6,0,0
BRDA:20,6,1,0
BRDA:22,7,0,0
BRDA:22,7,1,0
BRDA:23,8,0,0
BRDA:23,8,1,0
BRDA:61,9,0,0
BRDA:61,9,1,0
BRDA:66,10,0,0
BRDA:66,10,1,0
BRDA:67,11,0,0
BRDA:67,11,1,0
BRDA:70,12,0,0
BRDA:70,12,1,0
BRDA:75,13,0,0
BRDA:75,13,1,0
BRDA:114,14,0,0
BRDA:114,14,1,0
BRDA:124,15,0,0
BRDA:124,15,1,0
BRF:30
BRH:0
end_of_record
TN:
SF:routes\planes.js
FN:6,(anonymous_0)
FN:19,(anonymous_1)
FN:26,(anonymous_2)
FN:30,(anonymous_3)
FN:39,(anonymous_4)
FN:43,(anonymous_5)
FN:53,(anonymous_6)
FNF:7
FNH:0
FNDA:0,(anonymous_0)
FNDA:0,(anonymous_1)
FNDA:0,(anonymous_2)
FNDA:0,(anonymous_3)
FNDA:0,(anonymous_4)
FNDA:0,(anonymous_5)
FNDA:0,(anonymous_6)
DA:1,0
DA:2,0
DA:3,0
DA:6,0
DA:7,0
DA:8,0
DA:12,0
DA:13,0
DA:14,0
DA:17,0
DA:19,0
DA:20,0
DA:21,0
DA:22,0
DA:23,0
DA:26,0
DA:27,0
DA:28,0
DA:29,0
DA:30,0
DA:31,0
DA:35,0
DA:36,0
DA:39,0
DA:40,0
DA:41,0
DA:42,0
DA:43,0
DA:44,0
DA:49,0
DA:50,0
DA:53,0
DA:54,0
DA:55,0
DA:56,0
DA:57,0
DA:60,0
LF:37
LH:0
BRDA:29,0,0,0
BRDA:29,0,1,0
BRDA:30,1,0,0
BRDA:30,1,1,0
BRDA:33,2,0,0
BRDA:33,2,1,0
BRDA:33,3,0,0
BRDA:33,3,1,0
BRDA:42,4,0,0
BRDA:42,4,1,0
BRDA:43,5,0,0
BRDA:43,5,1,0
BRDA:46,6,0,0
BRDA:46,6,1,0
BRDA:46,7,0,0
BRDA:46,7,1,0
BRF:16
BRH:0
end_of_record
TN:
SF:routes\productos.js
FN:8,(anonymous_0)
FN:25,(anonymous_1)
FN:32,(anonymous_2)
FN:42,(anonymous_3)
FN:60,(anonymous_4)
FNF:5
FNH:0
FNDA:0,(anonymous_0)
FNDA:0,(anonymous_1)
FNDA:0,(anonymous_2)
FNDA:0,(anonymous_3)
FNDA:0,(anonymous_4)
DA:1,0
DA:2,0
DA:3,0
DA:4,0
DA:6,0
DA:8,0
DA:9,0
DA:10,0
DA:11,0
DA:12,0
DA:13,0
DA:15,0
DA:16,0
DA:17,0
DA:21,0
DA:22,0
DA:25,0
DA:26,0
DA:27,0
DA:28,0
DA:29,0
DA:32,0
DA:33,0
DA:34,0
DA:35,0
DA:36,0
DA:37,0
DA:38,0
DA:39,0
DA:42,0
DA:43,0
DA:44,0
DA:45,0
DA:46,0
DA:47,0
DA:48,0
DA:49,0
DA:51,0
DA:56,0
DA:57,0
DA:60,0
DA:61,0
DA:62,0
DA:63,0
DA:64,0
DA:65,0
DA:66,0
DA:69,0
LF:48
LH:0
BRDA:9,0,0,0
BRDA:9,1,0,0
BRDA:11,2,0,0
BRDA:11,2,1,0
BRDA:12,3,0,0
BRDA:12,3,1,0
BRDA:13,4,0,0
BRDA:13,4,1,0
BRDA:13,5,0,0
BRDA:13,5,1,0
BRDA:36,6,0,0
BRDA:36,6,1,0
BRDA:37,7,0,0
BRDA:37,7,1,0
BRDA:47,8,0,0
BRDA:47,8,1,0
BRF:16
BRH:0
end_of_record
TN:
SF:routes\reports.js
FN:19,buildStyledWorkbook
FN:41,(anonymous_1)
FN:99,(anonymous_2)
FN:114,(anonymous_3)
FN:119,(anonymous_4)
FN:162,(anonymous_5)
FN:180,(anonymous_6)
FN:191,(anonymous_7)
FN:200,(anonymous_8)
FN:203,(anonymous_9)
FN:218,(anonymous_10)
FN:222,(anonymous_11)
FN:248,(anonymous_12)
FN:249,(anonymous_13)
FN:263,(anonymous_14)
FN:278,(anonymous_15)
FN:306,(anonymous_16)
FN:320,(anonymous_17)
FN:339,(anonymous_18)
FN:361,(anonymous_19)
FN:362,(anonymous_20)
FN:376,(anonymous_21)
FN:384,(anonymous_22)
FN:396,(anonymous_23)
FN:405,(anonymous_24)
FN:422,(anonymous_25)
FN:426,(anonymous_26)
FN:440,(anonymous_27)
FN:441,(anonymous_28)
FN:442,(anonymous_29)
FN:457,(anonymous_30)
FN:473,(anonymous_31)
FN:498,(anonymous_32)
FN:508,(anonymous_33)
FN:510,(anonymous_34)
FN:511,(anonymous_35)
FN:513,(anonymous_36)
FN:528,(anonymous_37)
FN:561,(anonymous_38)
FN:572,(anonymous_39)
FN:573,(anonymous_40)
FN:588,(anonymous_41)
FN:611,(anonymous_42)
FN:615,(anonymous_43)
FNF:44
FNH:0
FNDA:0,buildStyledWorkbook
FNDA:0,(anonymous_1)
FNDA:0,(anonymous_2)
FNDA:0,(anonymous_3)
FNDA:0,(anonymous_4)
FNDA:0,(anonymous_5)
FNDA:0,(anonymous_6)
FNDA:0,(anonymous_7)
FNDA:0,(anonymous_8)
FNDA:0,(anonymous_9)
FNDA:0,(anonymous_10)
FNDA:0,(anonymous_11)
FNDA:0,(anonymous_12)
FNDA:0,(anonymous_13)
FNDA:0,(anonymous_14)
FNDA:0,(anonymous_15)
FNDA:0,(anonymous_16)
FNDA:0,(anonymous_17)
FNDA:0,(anonymous_18)
FNDA:0,(anonymous_19)
FNDA:0,(anonymous_20)
FNDA:0,(anonymous_21)
FNDA:0,(anonymous_22)
FNDA:0,(anonymous_23)
FNDA:0,(anonymous_24)
FNDA:0,(anonymous_25)
FNDA:0,(anonymous_26)
FNDA:0,(anonymous_27)
FNDA:0,(anonymous_28)
FNDA:0,(anonymous_29)
FNDA:0,(anonymous_30)
FNDA:0,(anonymous_31)
FNDA:0,(anonymous_32)
FNDA:0,(anonymous_33)
FNDA:0,(anonymous_34)
FNDA:0,(anonymous_35)
FNDA:0,(anonymous_36)
FNDA:0,(anonymous_37)
FNDA:0,(anonymous_38)
FNDA:0,(anonymous_39)
FNDA:0,(anonymous_40)
FNDA:0,(anonymous_41)
FNDA:0,(anonymous_42)
FNDA:0,(anonymous_43)
DA:1,0
DA:2,0
DA:3,0
DA:4,0
DA:5,0
DA:6,0
DA:7,0
DA:8,0
DA:9,0
DA:10,0
DA:11,0
DA:12,0
DA:14,0
DA:20,0
DA:21,0
DA:22,0
DA:23,0
DA:24,0
DA:25,0
DA:26,0
DA:27,0
DA:28,0
DA:30,0
DA:31,0
DA:33,0
DA:34,0
DA:35,0
DA:37,0
DA:41,0
DA:43,0
DA:44,0
DA:45,0
DA:46,0
DA:47,0
DA:50,0
DA:51,0
DA:52,0
DA:53,0
DA:54,0
DA:56,0
DA:57,0
DA:58,0
DA:59,0
DA:60,0
DA:67,0
DA:68,0
DA:69,0
DA:70,0
DA:71,0
DA:74,0
DA:75,0
DA:77,0
DA:78,0
DA:79,0
DA:81,0
DA:82,0
DA:83,0
DA:84,0
DA:85,0
DA:86,0
DA:87,0
DA:89,0
DA:90,0
DA:91,0
DA:92,0
DA:95,0
DA:96,0
DA:99,0
DA:100,0
DA:101,0
DA:102,0
DA:103,0
DA:104,0
DA:105,0
DA:114,0
DA:115,0
DA:116,0
DA:117,0
DA:119,0
DA:120,0
DA:121,0
DA:122,0
DA:123,0
DA:125,0
DA:126,0
DA:127,0
DA:128,0
DA:132,0
DA:137,0
DA:138,0
DA:139,0
DA:145,0
DA:146,0
DA:147,0
DA:148,0
DA:149,0
DA:150,0
DA:151,0
DA:152,0
DA:154,0
DA:156,0
DA:162,0
DA:163,0
DA:164,0
DA:165,0
DA:166,0
DA:167,0
DA:168,0
DA:169,0
DA:170,0
DA:171,0
DA:174,0
DA:180,0
DA:191,0
DA:192,0
DA:196,0
DA:200,0
DA:203,0
DA:207,0
DA:208,0
DA:209,0
DA:210,0
DA:211,0
DA:212,0
DA:218,0
DA:219,0
DA:220,0
DA:222,0
DA:223,0
DA:227,0
DA:240,0
DA:248,0
DA:249,0
DA:252,0
DA:253,0
DA:254,0
DA:255,0
DA:256,0
DA:257,0
DA:263,0
DA:264,0
DA:265,0
DA:266,0
DA:267,0
DA:268,0
DA:269,0
DA:270,0
DA:273,0
DA:278,0
DA:279,0
DA:280,0
DA:281,0
DA:282,0
DA:283,0
DA:284,0
DA:286,0
DA:296,0
DA:300,0
DA:306,0
DA:309,0
DA:310,0
DA:311,0
DA:312,0
DA:313,0
DA:314,0
DA:320,0
DA:321,0
DA:322,0
DA:323,0
DA:324,0
DA:325,0
DA:326,0
DA:327,0
DA:328,0
DA:329,0
DA:332,0
DA:338,0
DA:339,0
DA:352,0
DA:361,0
DA:362,0
DA:365,0
DA:366,0
DA:367,0
DA:368,0
DA:369,0
DA:370,0
DA:376,0
DA:377,0
DA:378,0
DA:384,0
DA:396,0
DA:398,0
DA:405,0
DA:410,0
DA:412,0
DA:413,0
DA:414,0
DA:415,0
DA:416,0
DA:422,0
DA:423,0
DA:424,0
DA:426,0
DA:436,0
DA:440,0
DA:441,0
DA:442,0
DA:446,0
DA:447,0
DA:448,0
DA:449,0
DA:450,0
DA:451,0
DA:457,0
DA:458,0
DA:459,0
DA:460,0
DA:461,0
DA:462,0
DA:463,0
DA:464,0
DA:467,0
DA:472,0
DA:473,0
DA:474,0
DA:478,0
DA:483,0
DA:498,0
DA:499,0
DA:503,0
DA:508,0
DA:510,0
DA:511,0
DA:513,0
DA:517,0
DA:518,0
DA:519,0
DA:520,0
DA:521,0
DA:522,0
DA:528,0
DA:529,0
DA:530,0
DA:531,0
DA:532,0
DA:533,0
DA:534,0
DA:535,0
DA:537,0
DA:539,0
DA:545,0
DA:546,0
DA:547,0
DA:548,0
DA:561,0
DA:562,0
DA:566,0
DA:572,0
DA:573,0
DA:577,0
DA:578,0
DA:579,0
DA:580,0
DA:581,0
DA:582,0
DA:588,0
DA:589,0
DA:590,0
DA:591,0
DA:592,0
DA:593,0
DA:596,0
DA:602,0
DA:603,0
DA:604,0
DA:605,0
DA:607,0
DA:608,0
DA:609,0
DA:611,0
DA:612,0
DA:613,0
DA:615,0
DA:616,0
DA:621,0
DA:622,0
DA:625,0
LF:288
LH:0
BRDA:57,0,0,0
BRDA:57,0,1,0
BRDA:68,1,0,0
BRDA:68,1,1,0
BRDA:90,2,0,0
BRDA:90,2,1,0
BRDA:117,3,0,0
BRDA:117,3,1,0
BRDA:122,4,0,0
BRDA:122,4,1,0
BRDA:122,5,0,0
BRDA:122,5,1,0
BRDA:123,6,0,0
BRDA:123,6,1,0
BRDA:125,7,0,0
BRDA:125,7,1,0
BRDA:130,8,0,0
BRDA:130,8,1,0
BRDA:130,9,0,0
BRDA:130,9,1,0
BRDA:130,10,0,0
BRDA:130,10,1,0
BRDA:137,11,0,0
BRDA:137,11,1,0
BRDA:139,12,0,0
BRDA:139,12,1,0
BRDA:166,13,0,0
BRDA:166,13,1,0
BRDA:167,14,0,0
BRDA:167,14,1,0
BRDA:168,15,0,0
BRDA:168,15,1,0
BRDA:168,16,0,0
BRDA:168,16,1,0
BRDA:170,17,0,0
BRDA:170,17,1,0
BRDA:171,18,0,0
BRDA:171,18,1,0
BRDA:182,19,0,0
BRDA:182,19,1,0
BRDA:183,20,0,0
BRDA:183,20,1,0
BRDA:188,21,0,0
BRDA:188,21,1,0
BRDA:191,22,0,0
BRDA:191,22,1,0
BRDA:192,23,0,0
BRDA:192,23,1,0
BRDA:192,24,0,0
BRDA:192,24,1,0
BRDA:203,25,0,0
BRDA:203,25,1,0
BRDA:203,26,0,0
BRDA:203,26,1,0
BRDA:230,27,0,0
BRDA:230,27,1,0
BRDA:231,28,0,0
BRDA:231,28,1,0
BRDA:232,29,0,0
BRDA:232,29,1,0
BRDA:233,30,0,0
BRDA:233,30,1,0
BRDA:234,31,0,0
BRDA:234,31,1,0
BRDA:235,32,0,0
BRDA:235,32,1,0
BRDA:236,33,0,0
BRDA:236,33,1,0
BRDA:248,34,0,0
BRDA:248,34,1,0
BRDA:248,35,0,0
BRDA:248,35,1,0
BRDA:249,36,0,0
BRDA:249,36,1,0
BRDA:267,37,0,0
BRDA:267,37,1,0
BRDA:267,38,0,0
BRDA:267,38,1,0
BRDA:269,39,0,0
BRDA:269,39,1,0
BRDA:270,40,0,0
BRDA:270,40,1,0
BRDA:279,41,0,0
BRDA:279,41,1,0
BRDA:280,42,0,0
BRDA:280,42,1,0
BRDA:282,43,0,0
BRDA:282,43,1,0
BRDA:284,44,0,0
BRDA:284,44,1,0
BRDA:288,45,0,0
BRDA:288,45,1,0
BRDA:289,46,0,0
BRDA:289,46,1,0
BRDA:296,47,0,0
BRDA:296,47,1,0
BRDA:296,48,0,0
BRDA:296,48,1,0
BRDA:306,49,0,0
BRDA:306,49,1,0
BRDA:306,50,0,0
BRDA:306,50,1,0
BRDA:306,51,0,0
BRDA:306,51,1,0
BRDA:324,52,0,0
BRDA:324,52,1,0
BRDA:325,53,0,0
BRDA:325,53,1,0
BRDA:341,54,0,0
BRDA:341,54,1,0
BRDA:342,55,0,0
BRDA:342,55,1,0
BRDA:343,56,0,0
BRDA:343,56,1,0
BRDA:344,57,0,0
BRDA:344,57,1,0
BRDA:345,58,0,0
BRDA:345,58,1,0
BRDA:349,59,0,0
BRDA:349,59,1,0
BRDA:361,60,0,0
BRDA:361,60,1,0
BRDA:361,61,0,0
BRDA:361,61,1,0
BRDA:362,62,0,0
BRDA:362,62,1,0
BRDA:362,63,0,0
BRDA:362,63,1,0
BRDA:362,64,0,0
BRDA:362,64,1,0
BRDA:386,65,0,0
BRDA:386,65,1,0
BRDA:387,66,0,0
BRDA:387,66,1,0
BRDA:388,67,0,0
BRDA:388,67,1,0
BRDA:389,68,0,0
BRDA:389,68,1,0
BRDA:390,69,0,0
BRDA:390,69,1,0
BRDA:393,70,0,0
BRDA:393,70,1,0
BRDA:396,71,0,0
BRDA:396,71,1,0
BRDA:429,72,0,0
BRDA:429,72,1,0
BRDA:432,73,0,0
BRDA:432,73,1,0
BRDA:433,74,0,0
BRDA:433,74,1,0
BRDA:441,75,0,0
BRDA:441,75,1,0
BRDA:442,76,0,0
BRDA:442,76,1,0
BRDA:461,77,0,0
BRDA:461,77,1,0
BRDA:461,78,0,0
BRDA:461,78,1,0
BRDA:463,79,0,0
BRDA:463,79,1,0
BRDA:464,80,0,0
BRDA:464,80,1,0
BRDA:485,81,0,0
BRDA:485,81,1,0
BRDA:487,82,0,0
BRDA:487,82,1,0
BRDA:490,83,0,0
BRDA:490,83,1,0
BRDA:491,84,0,0
BRDA:491,84,1,0
BRDA:492,85,0,0
BRDA:492,85,1,0
BRDA:494,86,0,0
BRDA:494,86,1,0
BRDA:498,87,0,0
BRDA:498,87,1,0
BRDA:499,88,0,0
BRDA:499,88,1,0
BRDA:499,89,0,0
BRDA:499,89,1,0
BRDA:508,90,0,0
BRDA:508,90,1,0
BRDA:532,91,0,0
BRDA:532,91,1,0
BRDA:532,92,0,0
BRDA:532,92,1,0
BRDA:534,93,0,0
BRDA:534,93,1,0
BRDA:535,94,0,0
BRDA:535,94,1,0
BRDA:537,95,0,0
BRDA:537,95,1,0
BRDA:551,96,0,0
BRDA:551,96,1,0
BRDA:552,97,0,0
BRDA:552,97,1,0
BRDA:561,98,0,0
BRDA:561,98,1,0
BRDA:562,99,0,0
BRDA:562,99,1,0
BRDA:562,100,0,0
BRDA:562,100,1,0
BRDA:592,101,0,0
BRDA:592,101,1,0
BRDA:592,102,0,0
BRDA:592,102,1,0
BRDA:608,103,0,0
BRDA:608,103,1,0
BRDA:608,104,0,0
BRDA:608,104,1,0
BRDA:617,105,0,0
BRDA:617,105,1,0
BRDA:617,106,0,0
BRDA:617,106,1,0
BRDA:617,107,0,0
BRDA:617,107,1,0
BRF:216
BRH:0
end_of_record
TN:
SF:routes\solicitudes.js
FN:23,(anonymous_0)
FN:24,(anonymous_1)
FN:32,consultarReniec
FN:39,(anonymous_3)
FN:81,(anonymous_4)
FN:101,(anonymous_5)
FN:104,(anonymous_6)
FN:136,(anonymous_7)
FN:151,(anonymous_8)
FN:165,(anonymous_9)
FN:184,(anonymous_10)
FN:223,(anonymous_11)
FN:231,(anonymous_12)
FN:325,(anonymous_13)
FNF:14
FNH:0
FNDA:0,(anonymous_0)
FNDA:0,(anonymous_1)
FNDA:0,consultarReniec
FNDA:0,(anonymous_3)
FNDA:0,(anonymous_4)
FNDA:0,(anonymous_5)
FNDA:0,(anonymous_6)
FNDA:0,(anonymous_7)
FNDA:0,(anonymous_8)
FNDA:0,(anonymous_9)
FNDA:0,(anonymous_10)
FNDA:0,(anonymous_11)
FNDA:0,(anonymous_12)
FNDA:0,(anonymous_13)
DA:1,0
DA:2,0
DA:3,0
DA:4,0
DA:5,0
DA:6,0
DA:7,0
DA:8,0
DA:9,0
DA:10,0
DA:11,0
DA:12,0
DA:13,0
DA:14,0
DA:15,0
DA:18,0
DA:20,0
DA:23,0
DA:24,0
DA:33,0
DA:34,0
DA:35,0
DA:36,0
DA:38,0
DA:39,0
DA:41,0
DA:47,0
DA:49,0
DA:50,0
DA:52,0
DA:53,0
DA:55,0
DA:60,0
DA:81,0
DA:102,0
DA:103,0
DA:104,0
DA:105,0
DA:106,0
DA:109,0
DA:110,0
DA:111,0
DA:112,0
DA:114,0
DA:115,0
DA:116,0
DA:118,0
DA:125,0
DA:127,0
DA:133,0
DA:136,0
DA:137,0
DA:138,0
DA:139,0
DA:141,0
DA:142,0
DA:143,0
DA:151,0
DA:160,0
DA:161,0
DA:165,0
DA:166,0
DA:167,0
DA:173,0
DA:174,0
DA:178,0
DA:185,0
DA:186,0
DA:188,0
DA:189,0
DA:190,0
DA:191,0
DA:192,0
DA:196,0
DA:197,0
DA:205,0
DA:210,0
DA:224,0
DA:225,0
DA:228,0
DA:229,0
DA:231,0
DA:233,0
DA:234,0
DA:235,0
DA:236,0
DA:237,0
DA:239,0
DA:240,0
DA:241,0
DA:242,0
DA:244,0
DA:245,0
DA:246,0
DA:247,0
DA:250,0
DA:251,0
DA:252,0
DA:253,0
DA:254,0
DA:258,0
DA:259,0
DA:260,0
DA:263,0
DA:264,0
DA:265,0
DA:266,0
DA:267,0
DA:268,0
DA:269,0
DA:274,0
DA:287,0
DA:295,0
DA:309,0
DA:315,0
DA:318,0
DA:323,0
DA:326,0
DA:327,0
DA:328,0
DA:329,0
DA:330,0
DA:331,0
DA:332,0
DA:335,0
LF:125
LH:0
BRDA:35,0,0,0
BRDA:35,0,1,0
BRDA:35,1,0,0
BRDA:35,1,1,0
BRDA:35,1,2,0
BRDA:49,2,0,0
BRDA:49,2,1,0
BRDA:52,3,0,0
BRDA:52,3,1,0
BRDA:103,4,0,0
BRDA:103,4,1,0
BRDA:105,5,0,0
BRDA:105,5,1,0
BRDA:112,6,0,0
BRDA:112,6,1,0
BRDA:116,7,0,0
BRDA:116,7,1,0
BRDA:120,8,0,0
BRDA:120,8,1,0
BRDA:122,9,0,0
BRDA:122,9,1,0
BRDA:137,10,0,0
BRDA:137,11,0,0
BRDA:139,12,0,0
BRDA:139,12,1,0
BRDA:156,13,0,0
BRDA:156,13,1,0
BRDA:157,14,0,0
BRDA:157,14,1,0
BRDA:186,15,0,0
BRDA:186,15,1,0
BRDA:191,16,0,0
BRDA:191,16,1,0
BRDA:196,17,0,0
BRDA:196,17,1,0
BRDA:202,18,0,0
BRDA:202,18,1,0
BRDA:203,19,0,0
BRDA:203,19,1,0
BRDA:225,20,0,0
BRDA:225,20,1,0
BRDA:228,21,0,0
BRDA:228,22,0,0
BRDA:234,23,0,0
BRDA:234,23,1,0
BRDA:239,24,0,0
BRDA:239,24,1,0
BRDA:244,25,0,0
BRDA:244,25,1,0
BRDA:251,26,0,0
BRDA:251,26,1,0
BRDA:251,27,0,0
BRDA:251,27,1,0
BRDA:258,28,0,0
BRDA:258,28,1,0
BRDA:259,29,0,0
BRDA:259,29,1,0
BRDA:259,29,2,0
BRDA:260,30,0,0
BRDA:260,30,1,0
BRDA:260,30,2,0
BRDA:263,31,0,0
BRDA:263,31,1,0
BRDA:263,31,2,0
BRDA:264,32,0,0
BRDA:264,32,1,0
BRDA:264,33,0,0
BRDA:264,33,1,0
BRDA:266,34,0,0
BRDA:266,34,1,0
BRDA:267,35,0,0
BRDA:267,35,1,0
BRDA:268,36,0,0
BRDA:268,36,1,0
BRDA:269,37,0,0
BRDA:269,37,1,0
BRDA:280,38,0,0
BRDA:280,38,1,0
BRDA:281,39,0,0
BRDA:281,39,1,0
BRDA:281,39,2,0
BRDA:303,40,0,0
BRDA:303,40,1,0
BRDA:327,41,0,0
BRDA:327,41,1,0
BRDA:330,42,0,0
BRDA:330,42,1,0
BRF:87
BRH:0
end_of_record
TN:
SF:routes\ventas.js
FN:26,(anonymous_0)
FN:30,(anonymous_1)
FN:53,(anonymous_2)
FN:54,(anonymous_3)
FN:76,(anonymous_4)
FNF:5
FNH:0
FNDA:0,(anonymous_0)
FNDA:0,(anonymous_1)
FNDA:0,(anonymous_2)
FNDA:0,(anonymous_3)
FNDA:0,(anonymous_4)
DA:1,0
DA:2,0
DA:3,0
DA:4,0
DA:5,0
DA:6,0
DA:7,0
DA:8,0
DA:9,0
DA:10,0
DA:12,0
DA:15,0
DA:27,0
DA:28,0
DA:30,0
DA:32,0
DA:35,0
DA:45,0
DA:48,0
DA:53,0
DA:54,0
DA:55,0
DA:56,0
DA:57,0
DA:59,0
DA:60,0
DA:64,0
DA:67,0
DA:75,0
DA:76,0
DA:79,0
DA:82,0
DA:85,0
LF:33
LH:0
BRDA:38,0,0,0
BRDA:38,0,1,0
BRDA:39,1,0,0
BRDA:39,1,1,0
BRDA:56,2,0,0
BRDA:56,2,1,0
BRDA:59,3,0,0
BRDA:59,3,1,0
BRF:8
BRH:0
end_of_record
TN:
SF:services\CajaService.js
FN:16,(anonymous_0)
FN:36,(anonymous_1)
FN:73,(anonymous_2)
FN:115,(anonymous_3)
FN:150,(anonymous_4)
FN:151,(anonymous_5)
FN:173,(anonymous_6)
FNF:7
FNH:7
FNDA:15,(anonymous_0)
FNDA:13,(anonymous_1)
FNDA:12,(anonymous_2)
FNDA:12,(anonymous_3)
FNDA:2,(anonymous_4)
FNDA:1,(anonymous_5)
FNDA:9,(anonymous_6)
DA:1,2
DA:2,2
DA:3,2
DA:4,2
DA:5,2
DA:17,15
DA:19,15
DA:20,15
DA:23,15
DA:37,13
DA:40,13
DA:41,13
DA:42,6
DA:46,7
DA:54,7
DA:55,7
DA:57,0
DA:60,3
DA:74,12
DA:77,12
DA:80,12
DA:87,12
DA:88,6
DA:91,12
DA:92,12
DA:93,12
DA:96,12
DA:102,7
DA:103,4
DA:106,3
DA:116,12
DA:117,12
DA:120,12
DA:125,12
DA:130,12
DA:136,12
DA:141,12
DA:146,12
DA:150,12
DA:151,12
DA:154,12
DA:155,12
DA:156,12
DA:158,12
DA:174,9
DA:177,9
DA:180,9
DA:181,2
DA:185,7
DA:186,2
DA:190,5
DA:191,2
DA:195,3
DA:196,2
DA:200,1
DA:209,1
DA:210,1
DA:212,0
DA:215,1
DA:219,2
LF:60
LH:58
BRDA:16,0,0,0
BRDA:19,1,0,15
BRDA:19,1,1,0
BRDA:36,2,0,0
BRDA:37,3,0,3
BRDA:37,4,0,7
BRDA:41,5,0,6
BRDA:41,5,1,7
BRDA:54,6,0,7
BRDA:54,6,1,0
BRDA:73,7,0,0
BRDA:74,8,0,0
BRDA:87,9,0,6
BRDA:87,9,1,6
BRDA:92,10,0,12
BRDA:92,10,1,0
BRDA:102,11,0,4
BRDA:102,11,1,3
BRDA:115,12,0,0
BRDA:125,13,0,12
BRDA:125,13,1,0
BRDA:136,14,0,12
BRDA:136,14,1,0
BRDA:146,15,0,12
BRDA:146,15,1,0
BRDA:150,16,0,12
BRDA:150,16,1,11
BRDA:151,17,0,12
BRDA:151,17,1,11
BRDA:154,18,0,12
BRDA:154,18,1,11
BRDA:155,19,0,12
BRDA:155,19,1,11
BRDA:173,20,0,0
BRDA:180,21,0,2
BRDA:180,21,1,7
BRDA:185,22,0,2
BRDA:185,22,1,5
BRDA:190,23,0,2
BRDA:190,23,1,3
BRDA:190,24,0,5
BRDA:190,24,1,4
BRDA:190,24,2,4
BRDA:195,25,0,2
BRDA:195,25,1,1
BRDA:195,26,0,3
BRDA:195,26,1,2
BRDA:209,27,0,1
BRDA:209,27,1,0
BRF:49
BRH:36
end_of_record
TN:
SF:services\MembresiaService.js
FN:13,(anonymous_0)
FN:27,(anonymous_1)
FN:48,(anonymous_2)
FN:101,(anonymous_3)
FN:159,(anonymous_4)
FN:188,(anonymous_5)
FNF:6
FNH:6
FNDA:3,(anonymous_0)
FNDA:29,(anonymous_1)
FNDA:27,(anonymous_2)
FNDA:10,(anonymous_3)
FNDA:3,(anonymous_4)
FNDA:7,(anonymous_5)
DA:1,3
DA:2,3
DA:3,3
DA:14,3
DA:18,3
DA:28,29
DA:33,29
DA:49,27
DA:52,27
DA:53,27
DA:54,3
DA:61,24
DA:62,24
DA:63,3
DA:67,21
DA:68,21
DA:69,21
DA:72,21
DA:75,21
DA:86,21
DA:102,10
DA:105,10
DA:106,10
DA:107,2
DA:111,8
DA:112,2
DA:118,6
DA:119,6
DA:120,0
DA:124,6
DA:131,4
DA:132,4
DA:133,4
DA:134,4
DA:137,4
DA:148,4
DA:160,3
DA:162,3
DA:163,3
DA:164,0
DA:167,3
DA:168,2
DA:173,1
DA:174,1
DA:176,1
DA:190,7
DA:194,7
DA:195,0
DA:198,7
DA:199,2
DA:205,5
DA:210,5
DA:211,2
DA:215,3
DA:216,3
DA:217,3
DA:218,3
DA:221,3
DA:232,3
DA:236,3
LF:60
LH:57
BRDA:49,0,0,0
BRDA:53,1,0,3
BRDA:53,1,1,24
BRDA:62,2,0,3
BRDA:62,2,1,21
BRDA:67,3,0,1
BRDA:67,3,1,20
BRDA:72,4,0,2
BRDA:72,4,1,19
BRDA:102,5,0,0
BRDA:106,6,0,2
BRDA:106,6,1,8
BRDA:111,7,0,2
BRDA:111,7,1,6
BRDA:111,8,0,8
BRDA:111,8,1,2
BRDA:119,9,0,0
BRDA:119,9,1,6
BRDA:131,10,0,0
BRDA:131,10,1,4
BRDA:134,11,0,0
BRDA:134,11,1,4
BRDA:159,12,0,0
BRDA:160,13,0,3
BRDA:160,13,1,0
BRDA:163,14,0,0
BRDA:163,14,1,3
BRDA:167,15,0,2
BRDA:167,15,1,1
BRDA:194,16,0,0
BRDA:194,16,1,7
BRDA:198,17,0,2
BRDA:198,17,1,5
BRDA:210,18,0,2
BRDA:210,18,1,3
BRDA:218,19,0,0
BRDA:218,19,1,3
BRF:37
BRH:27
end_of_record
TN:
SF:services\StockService.js
FN:16,(anonymous_0)
FN:53,(anonymous_1)
FN:67,(anonymous_2)
FN:93,(anonymous_3)
FN:95,(anonymous_4)
FNF:5
FNH:5
FNDA:31,(anonymous_0)
FNDA:3,(anonymous_1)
FNDA:5,(anonymous_2)
FNDA:1,(anonymous_3)
FNDA:2,(anonymous_4)
DA:1,2
DA:2,2
DA:18,31
DA:28,17
DA:30,7
DA:34,7
DA:35,3
DA:37,4
DA:43,10
DA:54,3
DA:68,5
DA:70,5
DA:71,8
DA:77,5
DA:85,2
DA:94,1
DA:95,2
DA:100,2
LF:18
LH:18
BRDA:28,0,0,7
BRDA:28,0,1,10
BRDA:34,1,0,3
BRDA:34,1,1,4
BRF:4
BRH:4
end_of_record
TN:
SF:utils\TransactionManager.js
FN:14,(anonymous_0)
FN:63,(anonymous_1)
FN:64,(anonymous_2)
FN:65,(anonymous_3)
FNF:4
FNH:4
FNDA:14,(anonymous_0)
FNDA:2,(anonymous_1)
FNDA:2,(anonymous_2)
FNDA:6,(anonymous_3)
DA:1,2
DA:2,2
DA:15,14
DA:16,14
DA:18,14
DA:20,14
DA:21,14
DA:23,14
DA:25,7
DA:27,7
DA:28,7
DA:34,7
DA:35,0
DA:42,7
DA:44,7
DA:46,7
DA:52,7
DA:54,14
DA:64,2
DA:65,6
DA:70,2
LF:21
LH:20
BRDA:34,0,0,0
BRDA:34,0,1,7
BRDA:48,1,0,0
BRDA:48,1,1,7
BRF:4
BRH:2
end_of_record
TN:
SF:utils\logger.js
FN:19,log
FN:52,error
FN:61,warn
FN:70,info
FN:79,debug
FN:88,withRequest
FN:97,(anonymous_6)
FN:98,(anonymous_7)
FN:99,(anonymous_8)
FN:100,(anonymous_9)
FNF:10
FNH:6
FNDA:36,log
FNDA:15,error
FNDA:0,warn
FNDA:7,info
FNDA:14,debug
FNDA:8,withRequest
FNDA:8,(anonymous_6)
FNDA:0,(anonymous_7)
FNDA:0,(anonymous_8)
FNDA:0,(anonymous_9)
DA:6,3
DA:20,36
DA:27,36
DA:29,36
DA:31,15
DA:32,15
DA:34,0
DA:35,0
DA:37,7
DA:38,7
DA:40,14
DA:41,14
DA:43,0
DA:53,15
DA:62,0
DA:71,7
DA:80,14
DA:89,8
DA:96,8
DA:97,8
DA:98,0
DA:99,0
DA:100,0
DA:104,3
LF:24
LH:17
BRDA:19,0,0,0
BRDA:29,1,0,15
BRDA:29,1,1,0
BRDA:29,1,2,7
BRDA:29,1,3,14
BRDA:29,1,4,0
BRDA:52,2,0,0
BRDA:61,3,0,0
BRDA:70,4,0,0
BRDA:79,5,0,0
BRDA:91,6,0,8
BRDA:91,6,1,8
BRDA:97,7,0,0
BRDA:98,8,0,0
BRDA:99,9,0,0
BRDA:100,10,0,0
BRF:16
BRH:5
end_of_record
